Removed Pin From Net: NetName=ADDR_0 Pin=U5-33
Removed Pin From Net: NetName=ADDR_1 Pin=U5-34
Removed Pin From Net: NetName=ADDR_2 Pin=U5-35
Removed Pin From Net: NetName=ADDR_3 Pin=U5-36
Removed Pin From Net: NetName=ADDR_4 Pin=U5-37
Removed Pin From Net: NetName=ADDR_5 Pin=U5-38
Removed Pin From Net: NetName=ADDR_6 Pin=U5-39
Removed Pin From Net: NetName=ADDR_7 Pin=U5-40
Added Component: Designator=P14(HDR2X8)
Added Pin To Net: NetName=PUTIN_3V3GND Pin=P14-2
Added Pin To Net: NetName=PA3_USART2_RX Pin=P14-4
Added Pin To Net: NetName=PA2_USART2_TX Pin=P14-6
Added Pin To Net: NetName=NRST Pin=P14-8
Added Pin To Net: NetName=3V3 Pin=P14-10
Added Pin To Net: NetName=PUTIN_3V3GND Pin=P14-12
Added Pin To Net: NetName=STM_SWD Pin=P14-14
Added Pin To Net: NetName=STM_SWC Pin=P14-16
Added Pin To Net: NetName=ADDR_0 Pin=U5-20
Added Pin To Net: NetName=ADDR_1 Pin=U5-21
Added Pin To Net: NetName=ADDR_2 Pin=U5-22
Added Pin To Net: NetName=ADDR_3 Pin=U5-23
Added Pin To Net: NetName=ADDR_4 Pin=U5-24
Added Pin To Net: NetName=ADDR_5 Pin=U5-25
Added Pin To Net: NetName=ADDR_6 Pin=U5-26
Added Pin To Net: NetName=ADDR_7 Pin=U5-27
Added Member To Class: ClassName=STM32F103最小系统板 Member=Component P14 Header 8X2
