Change Component DesignItemId : Designator=P8 Old DesignItemId=Header 2 New DesignItemId=He
Change Component DesignItemId : Designator=P9 Old DesignItemId=Header 2 New DesignItemId=He
Change Component DesignItemId : Designator=P10 Old DesignItemId=Header 2 New DesignItemId=He
Change Component DesignItemId : Designator=P11 Old DesignItemId=Header 2 New DesignItemId=He
Change Component DesignItemId : Designator=P12 Old DesignItemId=Header 2 New DesignItemId=He
Change Component DesignItemId : Designator=P13 Old DesignItemId=Header 2 New DesignItemId=He
Change Component DesignItemId : Designator=P14 Old DesignItemId=Header 2 New DesignItemId=He
Change Component DesignItemId : Designator=P15 Old DesignItemId=Header 2 New DesignItemId=He
Change Component DesignItemId : Designator=P16 Old DesignItemId=Header 2 New DesignItemId=He
Change Component DesignItemId : Designator=P17 Old DesignItemId=Header 2 New DesignItemId=He
Added Pin To Net: NetName=NetKM5_3 Pin=P8-1
Added Net: Name=NetKM5_3
Added Pin To Net: NetName=NetKM5_4 Pin=P8-2
Added Net: Name=NetKM5_4
Added Pin To Net: NetName=NetKM6_3 Pin=P9-1
Added Net: Name=NetKM6_3
Added Pin To Net: NetName=NetKM6_4 Pin=P9-2
Added Net: Name=NetKM6_4
Added Pin To Net: NetName=NetKM7_3 Pin=P10-1
Added Net: Name=NetKM7_3
Added Pin To Net: NetName=NetKM7_4 Pin=P10-2
Added Net: Name=NetKM7_4
Added Pin To Net: NetName=NetKM8_3 Pin=P11-1
Added Net: Name=NetKM8_3
Added Pin To Net: NetName=NetKM8_4 Pin=P11-2
Added Net: Name=NetKM8_4
Added Member To Class: ClassName=SIX_OUTPORT-V2 Member=Component P8 Header 2
Added Member To Class: ClassName=SIX_OUTPORT-V2 Member=Component P9 Header 2
Added Member To Class: ClassName=SIX_OUTPORT-V2 Member=Component P10 Header 2
Added Member To Class: ClassName=SIX_OUTPORT-V2 Member=Component P11 Header 2
Added Member To Class: ClassName=SIX_OUTPORT-V2 Member=Component P12 Header 2
Added Member To Class: ClassName=SIX_OUTPORT-V2 Member=Component P13 Header 2
Added Member To Class: ClassName=SIX_OUTPORT-V2 Member=Component P14 Header 2
Added Member To Class: ClassName=SIX_OUTPORT-V2 Member=Component P15 Header 2
Added Member To Class: ClassName=SIX_OUTPORT-V2 Member=Component P16 Header 2
Added Member To Class: ClassName=SIX_OUTPORT-V2 Member=Component P17 Header 2
Added Room: Name=POWER
Added Room: Name=RS485
Added Room: Name=SIX-INPORT
Added Room: Name=SIX_OUTPORT-V2
Added Room: Name=STM32F103最小系统板
