Removed Pin From Net: NetName=ADDR_0 Pin=U9-33
Removed Pin From Net: NetName=ADDR_1 Pin=U9-34
Removed Pin From Net: NetName=ADDR_2 Pin=U9-35
Removed Pin From Net: NetName=ADDR_3 Pin=U9-36
Removed Pin From Net: NetName=ADDR_4 Pin=U9-37
Removed Pin From Net: NetName=ADDR_5 Pin=U9-38
Removed Pin From Net: NetName=ADDR_6 Pin=U9-39
Removed Pin From Net: NetName=ADDR_7 Pin=U9-40
Added Pin To Net: NetName=ADDR_7 Pin=U9-50
Added Pin To Net: NetName=ADDR_6 Pin=U9-51
Added Pin To Net: NetName=ADDR_5 Pin=U9-52
Added Pin To Net: NetName=ADDR_4 Pin=U9-53
Added Pin To Net: NetName=ADDR_3 Pin=U9-54
Added Pin To Net: NetName=ADDR_2 Pin=U9-55
Added Pin To Net: NetName=ADDR_1 Pin=U9-56
Added Pin To Net: NetName=ADDR_0 Pin=U9-57
Added Member To Class: ClassName=SIX_OUTPORT-V2 Member=Component P5 Header 8
Added Room: Name=POWER
Added Room: Name=RS485
Added Room: Name=SIX-INPORT
Added Room: Name=SIX_OUTPORT-V2
Added Room: Name=STM32F103最小系统板
