Removed Pin From Net: NetName=NetD23_K Pin=KM1-2
Removed Pin From Net: NetName=KM1+ Pin=KM1-4
Removed Pin From Net: NetName=NetD26_K Pin=KM2-2
Removed Pin From Net: NetName=KM2+ Pin=KM2-4
Removed Pin From Net: NetName=NetD28_K Pin=KM3-2
Removed Pin From Net: NetName=KM3+ Pin=KM3-4
Removed Pin From Net: NetName=NetD30_K Pin=KM4-2
Removed Pin From Net: NetName=KM4+ Pin=KM4-4
Removed Pin From Net: NetName=NetD31_K Pin=KM5-2
Removed Pin From Net: NetName=KM5+ Pin=KM5-4
Removed Pin From Net: NetName=NetD33_K Pin=KM6-2
Removed Pin From Net: NetName=KM6+ Pin=KM6-4
Removed Pin From Net: NetName=NetD35_K Pin=KM7-2
Removed Pin From Net: NetName=KM7+ Pin=KM7-4
Removed Pin From Net: NetName=NetD37_K Pin=KM8-2
Removed Pin From Net: NetName=KM8+ Pin=KM8-4
Change Component Comment : Designator=KM1 Old Comment=HF49FD/012-1H11 New Comment=G5NB-1A-5V
Change Component Comment : Designator=KM2 Old Comment=HF49FD/012-1H11 New Comment=G5NB-1A-5V
Change Component Comment : Designator=KM3 Old Comment=HF49FD/012-1H11 New Comment=G5NB-1A-5V
Change Component Comment : Designator=KM4 Old Comment=HF49FD/012-1H11 New Comment=G5NB-1A-5V
Change Component Comment : Designator=KM5 Old Comment=HF49FD/012-1H11 New Comment=G5NB-1A-5V
Change Component Comment : Designator=KM6 Old Comment=HF49FD/012-1H11 New Comment=G5NB-1A-5V
Change Component Comment : Designator=KM7 Old Comment=HF49FD/012-1H11 New Comment=G5NB-1A-5V
Change Component Comment : Designator=KM8 Old Comment=HF49FD/012-1H11 New Comment=G5NB-1A-5V
Added Pin To Net: NetName=KM1+ Pin=KM1-2
Added Pin To Net: NetName=NetD23_K Pin=KM1-4
Added Pin To Net: NetName=KM2+ Pin=KM2-2
Added Pin To Net: NetName=NetD26_K Pin=KM2-4
Added Pin To Net: NetName=KM3+ Pin=KM3-2
Added Pin To Net: NetName=NetD28_K Pin=KM3-4
Added Pin To Net: NetName=KM4+ Pin=KM4-2
Added Pin To Net: NetName=NetD30_K Pin=KM4-4
Added Pin To Net: NetName=KM5+ Pin=KM5-2
Added Pin To Net: NetName=NetD31_K Pin=KM5-4
Added Pin To Net: NetName=KM6+ Pin=KM6-2
Added Pin To Net: NetName=NetD33_K Pin=KM6-4
Added Pin To Net: NetName=KM7+ Pin=KM7-2
Added Pin To Net: NetName=NetD35_K Pin=KM7-4
Added Pin To Net: NetName=KM8+ Pin=KM8-2
Added Pin To Net: NetName=NetD37_K Pin=KM8-4
Added Member To Class: ClassName=SIX_OUTPORT-V2 Member=Component KM2 G5NB-1A-5V
Added Member To Class: ClassName=SIX_OUTPORT-V2 Member=Component KM3 G5NB-1A-5V
Added Member To Class: ClassName=SIX_OUTPORT-V2 Member=Component KM4 G5NB-1A-5V
Added Member To Class: ClassName=SIX_OUTPORT-V2 Member=Component KM5 G5NB-1A-5V
Added Member To Class: ClassName=SIX_OUTPORT-V2 Member=Component KM6 G5NB-1A-5V
Added Member To Class: ClassName=SIX_OUTPORT-V2 Member=Component KM7 G5NB-1A-5V
Added Member To Class: ClassName=SIX_OUTPORT-V2 Member=Component KM8 G5NB-1A-5V
Added Room: Name=POWER
Added Room: Name=RS485
Added Room: Name=SIX-INPORT
Added Room: Name=SIX_OUTPORT-V2
Added Room: Name=STM32F103最小系统板
