Removed Pin From Net: NetName=PUTIN_12V Pin=KM1-1
Removed Pin From Net: NetName=PUTIN_12V Pin=KM2-1
Removed Pin From Net: NetName=NetD26_K Pin=KM2-2
Removed Pin From Net: NetName=NetD26_K Pin=KM2-2
Removed Pin From Net: NetName=KM2- Pin=KM2-3
Removed Pin From Net: NetName=KM2- Pin=KM2-3
Removed Pin From Net: NetName=KM2+ Pin=KM2-4
Removed Pin From Net: NetName=PUTIN_12V Pin=KM3-1
Removed Pin From Net: NetName=NetD28_K Pin=KM3-2
Removed Pin From Net: NetName=NetD28_K Pin=KM3-2
Removed Pin From Net: NetName=KM3- Pin=KM3-3
Removed Pin From Net: NetName=KM3- Pin=KM3-3
Removed Pin From Net: NetName=KM3+ Pin=KM3-4
Removed Pin From Net: NetName=PUTIN_12V Pin=KM4-1
Removed Pin From Net: NetName=NetD30_K Pin=KM4-2
Removed Pin From Net: NetName=NetD30_K Pin=KM4-2
Removed Pin From Net: NetName=KM4- Pin=KM4-3
Removed Pin From Net: NetName=KM4- Pin=KM4-3
Removed Pin From Net: NetName=KM4+ Pin=KM4-4
Removed Pin From Net: NetName=PUTIN_12V Pin=KM5-1
Removed Pin From Net: NetName=NetD31_K Pin=KM5-2
Removed Pin From Net: NetName=NetD31_K Pin=KM5-2
Removed Pin From Net: NetName=KM5- Pin=KM5-3
Removed Pin From Net: NetName=KM5- Pin=KM5-3
Removed Pin From Net: NetName=KM5+ Pin=KM5-4
Removed Pin From Net: NetName=PUTIN_12V Pin=KM6-1
Removed Pin From Net: NetName=NetD33_K Pin=KM6-2
Removed Pin From Net: NetName=NetD33_K Pin=KM6-2
Removed Pin From Net: NetName=KM6- Pin=KM6-3
Removed Pin From Net: NetName=KM6- Pin=KM6-3
Removed Pin From Net: NetName=KM6+ Pin=KM6-4
Removed Pin From Net: NetName=PUTIN_12V Pin=KM7-1
Removed Pin From Net: NetName=NetD35_K Pin=KM7-2
Removed Pin From Net: NetName=NetD35_K Pin=KM7-2
Removed Pin From Net: NetName=KM7- Pin=KM7-3
Removed Pin From Net: NetName=KM7- Pin=KM7-3
Removed Pin From Net: NetName=KM7+ Pin=KM7-4
Removed Pin From Net: NetName=PUTIN_12V Pin=KM8-1
Removed Pin From Net: NetName=NetD37_K Pin=KM8-2
Removed Pin From Net: NetName=NetD37_K Pin=KM8-2
Removed Pin From Net: NetName=KM8- Pin=KM8-3
Removed Pin From Net: NetName=KM8- Pin=KM8-3
Removed Pin From Net: NetName=KM8+ Pin=KM8-4
Removed Pin From Net: NetName=PUTIN_12V Pin=R54-1
Removed Pin From Net: NetName=PUTIN_12V Pin=R57-1
Removed Pin From Net: NetName=PUTIN_12V Pin=R62-1
Removed Pin From Net: NetName=PUTIN_12V Pin=R65-1
Removed Pin From Net: NetName=PUTIN_12V Pin=R70-1
Removed Pin From Net: NetName=PUTIN_12V Pin=R74-1
Removed Pin From Net: NetName=PUTIN_12V Pin=R76-1
Removed Pin From Net: NetName=PUTIN_12V Pin=R77-1
Removed Member From Class: ClassName=POWER Member=D25
Removed Member From Class: ClassName=STM32F103最小系统板 Member=D33
Removed Member From Class: ClassName=SIX_OUTPORT-V2 Member=KM2
Removed Member From Class: ClassName=SIX_OUTPORT-V2 Member=KM3
Removed Member From Class: ClassName=SIX_OUTPORT-V2 Member=KM4
Removed Member From Class: ClassName=SIX_OUTPORT-V2 Member=KM5
Removed Member From Class: ClassName=SIX_OUTPORT-V2 Member=KM6
Removed Member From Class: ClassName=SIX_OUTPORT-V2 Member=KM7
Removed Member From Class: ClassName=SIX_OUTPORT-V2 Member=KM8
Change Component Designator: OldDesignator=KM1 NewDesignator=KM?
Added Component: Designator=F?(LC-1206_R)
Added Component: Designator=KM?(LD-4P)
Added Component: Designator=KM?(LD-4P)
Added Component: Designator=KM?(LD-4P)
Added Component: Designator=KM?(LD-4P)
Added Component: Designator=KM?(LD-4P)
Added Component: Designator=KM?(LD-4P)
Added Component: Designator=KM?(LD-4P)
Added Pin To Net: NetName=VCCIN5V Pin=F?-1
Added Pin To Net: NetName=NetD26_K Pin=KM?-2
Added Pin To Net: NetName=NetD28_K Pin=KM?-2
Added Pin To Net: NetName=NetD30_K Pin=KM?-2
Added Pin To Net: NetName=NetD31_K Pin=KM?-2
Added Pin To Net: NetName=NetD33_K Pin=KM?-2
Added Pin To Net: NetName=NetD35_K Pin=KM?-2
Added Pin To Net: NetName=NetD37_K Pin=KM?-2
Added Pin To Net: NetName=KM2- Pin=KM?-3
Added Pin To Net: NetName=KM3- Pin=KM?-3
Added Pin To Net: NetName=KM4- Pin=KM?-3
Added Pin To Net: NetName=KM5- Pin=KM?-3
Added Pin To Net: NetName=KM6- Pin=KM?-3
Added Pin To Net: NetName=KM7- Pin=KM?-3
Added Pin To Net: NetName=KM8- Pin=KM?-3
Added Pin To Net: NetName=KM2+ Pin=KM?-4
Added Pin To Net: NetName=KM3+ Pin=KM?-4
Added Pin To Net: NetName=KM4+ Pin=KM?-4
Added Pin To Net: NetName=KM5+ Pin=KM?-4
Added Pin To Net: NetName=KM6+ Pin=KM?-4
Added Pin To Net: NetName=KM7+ Pin=KM?-4
Added Pin To Net: NetName=KM8+ Pin=KM?-4
Added Pin To Net: NetName=V_RELAY Pin=F?-2
Added Pin To Net: NetName=V_RELAY Pin=KM?-1
Added Pin To Net: NetName=V_RELAY Pin=KM?-1
Added Pin To Net: NetName=V_RELAY Pin=KM?-1
Added Pin To Net: NetName=V_RELAY Pin=KM?-1
Added Pin To Net: NetName=V_RELAY Pin=KM?-1
Added Pin To Net: NetName=V_RELAY Pin=KM?-1
Added Pin To Net: NetName=V_RELAY Pin=KM?-1
Added Pin To Net: NetName=V_RELAY Pin=KM?-1
Added Pin To Net: NetName=V_RELAY Pin=R54-1
Added Pin To Net: NetName=V_RELAY Pin=R57-1
Added Pin To Net: NetName=V_RELAY Pin=R62-1
Added Pin To Net: NetName=V_RELAY Pin=R65-1
Added Pin To Net: NetName=V_RELAY Pin=R70-1
Added Pin To Net: NetName=V_RELAY Pin=R74-1
Added Pin To Net: NetName=V_RELAY Pin=R76-1
Added Pin To Net: NetName=V_RELAY Pin=R77-1
Added Net: Name=V_RELAY
Added Member To Class: ClassName=POWER Member=Component D3 smbj5.0ca
Added Member To Class: ClassName=SIX_OUTPORT-V2 Member=Component F? Fuse1
Added Member To Class: ClassName=SIX_OUTPORT-V2 Member=Component KM? HF49FD/012-1H11
Added Member To Class: ClassName=SIX_OUTPORT-V2 Member=Component KM? HF49FD/012-1H11
Added Member To Class: ClassName=SIX_OUTPORT-V2 Member=Component KM? HF49FD/012-1H11
Added Member To Class: ClassName=SIX_OUTPORT-V2 Member=Component KM? HF49FD/012-1H11
Added Member To Class: ClassName=SIX_OUTPORT-V2 Member=Component KM? HF49FD/012-1H11
Added Member To Class: ClassName=SIX_OUTPORT-V2 Member=Component KM? HF49FD/012-1H11
Added Member To Class: ClassName=SIX_OUTPORT-V2 Member=Component KM? HF49FD/012-1H11
Added Room: Name=POWER
Added Room: Name=RS485
Added Room: Name=SIX-INPORT
Added Room: Name=SIX_OUTPORT-V2
Added Room: Name=STM32F103最小系统板
