Removed Pin From Net: NetName=NetD21_K Pin=KM5-2
Removed Pin From Net: NetName=NetD22_K Pin=KM6-2
Removed Pin From Net: NetName=NetD23_K Pin=KM7-2
Removed Pin From Net: NetName=NetD24_K Pin=KM8-2
Removed Pin From Net: NetName=NetD21_A Pin=R15-2
Removed Pin From Net: NetName=NetD22_A Pin=R16-2
Removed Pin From Net: NetName=NetD23_A Pin=R17-2
Removed Pin From Net: NetName=NetD24_A Pin=R46-2
Removed Pin From Net: NetName=NetD24_K Pin=U13-11
Removed Pin From Net: NetName=NetD23_K Pin=U13-12
Removed Pin From Net: NetName=NetD22_K Pin=U13-13
Removed Pin From Net: NetName=NetD21_K Pin=U13-14
Removed Member From Class: ClassName=POWER Member=C7
Removed Member From Class: ClassName=POWER Member=D10
Removed Member From Class: ClassName=SIX_OUTPORT-V2 Member=R56
Removed Member From Class: ClassName=SIX_OUTPORT-V2 Member=R68
Removed Member From Class: ClassName=SIX_OUTPORT-V2 Member=R125
Removed Member From Class: ClassName=POWER Member=R128
Change Component Designator: OldDesignator=3V3 NewDesignator=1
Change Component Designator: OldDesignator=C2 NewDesignator=C3
Change Component Designator: OldDesignator=C3 NewDesignator=C9
Change Component Designator: OldDesignator=C6 NewDesignator=C2
Change Component Designator: OldDesignator=C7 NewDesignator=C6
Change Component Designator: OldDesignator=C8 NewDesignator=C7
Change Component Designator: OldDesignator=C9 NewDesignator=C8
Change Component Designator: OldDesignator=C10 NewDesignator=C36
Change Component Designator: OldDesignator=C11 NewDesignator=C37
Change Component Designator: OldDesignator=C12 NewDesignator=C11
Change Component Designator: OldDesignator=C13 NewDesignator=C12
Change Component Designator: OldDesignator=C14 NewDesignator=C13
Change Component Designator: OldDesignator=C15 NewDesignator=C14
Change Component Designator: OldDesignator=C16 NewDesignator=C15
Change Component Designator: OldDesignator=C17 NewDesignator=C16
Change Component Designator: OldDesignator=C18 NewDesignator=C17
Change Component Designator: OldDesignator=C19 NewDesignator=C18
Change Component Designator: OldDesignator=C20 NewDesignator=C19
Change Component Designator: OldDesignator=C21 NewDesignator=C20
Change Component Designator: OldDesignator=C22 NewDesignator=C21
Change Component Designator: OldDesignator=C23 NewDesignator=C22
Change Component Designator: OldDesignator=C24 NewDesignator=C23
Change Component Designator: OldDesignator=C25 NewDesignator=C24
Change Component Designator: OldDesignator=C26 NewDesignator=C25
Change Component Designator: OldDesignator=C27 NewDesignator=C26
Change Component Designator: OldDesignator=C36 NewDesignator=C27
Change Component Designator: OldDesignator=C37 NewDesignator=C30
Change Component Designator: OldDesignator=C38 NewDesignator=C28
Change Component Designator: OldDesignator=C39 NewDesignator=C29
Change Component Designator: OldDesignator=C41 NewDesignator=C31
Change Component Designator: OldDesignator=C42 NewDesignator=C32
Change Component Designator: OldDesignator=C43 NewDesignator=C33
Change Component Designator: OldDesignator=C44 NewDesignator=C34
Change Component Designator: OldDesignator=C45 NewDesignator=C35
Change Component Designator: OldDesignator=C58 NewDesignator=C10
Change Component Designator: OldDesignator=D3 NewDesignator=D29
Change Component Designator: OldDesignator=D4 NewDesignator=D3
Change Component Designator: OldDesignator=D5 NewDesignator=D6
Change Component Designator: OldDesignator=D6 NewDesignator=D7
Change Component Designator: OldDesignator=D10 NewDesignator=D5
Change Component Designator: OldDesignator=D13 NewDesignator=D10
Change Component Designator: OldDesignator=D14 NewDesignator=D11
Change Component Designator: OldDesignator=D15 NewDesignator=D12
Change Component Designator: OldDesignator=D16 NewDesignator=D13
Change Component Designator: OldDesignator=D17 NewDesignator=D14
Change Component Designator: OldDesignator=D18 NewDesignator=D15
Change Component Designator: OldDesignator=D19 NewDesignator=D16
Change Component Designator: OldDesignator=D20 NewDesignator=D17
Change Component Designator: OldDesignator=D25 NewDesignator=D4
Change Component Designator: OldDesignator=D26 NewDesignator=D21
Change Component Designator: OldDesignator=D28 NewDesignator=D20
Change Component Designator: OldDesignator=D30 NewDesignator=D19
Change Component Designator: OldDesignator=D32 NewDesignator=D18
Change Component Designator: OldDesignator=D37 NewDesignator=D26
Change Component Designator: OldDesignator=D38 NewDesignator=D27
Change Component Designator: OldDesignator=D39 NewDesignator=D28
Change Component Designator: OldDesignator=E3 NewDesignator=E7
Change Component Designator: OldDesignator=E7 NewDesignator=E6
Change Component Designator: OldDesignator=E8 NewDesignator=E3
Change Component Designator: OldDesignator=E9 NewDesignator=E8
Change Component Designator: OldDesignator=F4 NewDesignator=F2
Change Component Designator: OldDesignator=F5 NewDesignator=F3
Change Component Designator: OldDesignator=F8 NewDesignator=F4
Change Component Designator: OldDesignator=F9 NewDesignator=F5
Change Component Designator: OldDesignator=F10 NewDesignator=F6
Change Component Designator: OldDesignator=F11 NewDesignator=F7
Change Component Designator: OldDesignator=F12 NewDesignator=F8
Change Component Designator: OldDesignator=L2 NewDesignator=L3
Change Component Designator: OldDesignator=L3 NewDesignator=L2
Change Component Designator: OldDesignator=P2 NewDesignator=P3
Change Component Designator: OldDesignator=P3 NewDesignator=P18
Change Component Designator: OldDesignator=P4 NewDesignator=P5
Change Component Designator: OldDesignator=P5 NewDesignator=P16
Change Component Designator: OldDesignator=P6 NewDesignator=P17
Change Component Designator: OldDesignator=P7 NewDesignator=P4
Change Component Designator: OldDesignator=P8 NewDesignator=P6
Change Component Designator: OldDesignator=P9 NewDesignator=P7
Change Component Designator: OldDesignator=P10 NewDesignator=P14
Change Component Designator: OldDesignator=P11 NewDesignator=P15
Change Component Designator: OldDesignator=P12 NewDesignator=P8
Change Component Designator: OldDesignator=P13 NewDesignator=P9
Change Component Designator: OldDesignator=P14 NewDesignator=P10
Change Component Designator: OldDesignator=P15 NewDesignator=P11
Change Component Designator: OldDesignator=P16 NewDesignator=P12
Change Component Designator: OldDesignator=P17 NewDesignator=P13
Change Component Designator: OldDesignator=R1 NewDesignator=R2
Change Component Designator: OldDesignator=R2 NewDesignator=R3
Change Component Designator: OldDesignator=R3 NewDesignator=R4
Change Component Designator: OldDesignator=R4 NewDesignator=R5
Change Component Designator: OldDesignator=R5 NewDesignator=R6
Change Component Designator: OldDesignator=R6 NewDesignator=R7
Change Component Designator: OldDesignator=R7 NewDesignator=R8
Change Component Designator: OldDesignator=R8 NewDesignator=R9
Change Component Designator: OldDesignator=R9 NewDesignator=R10
Change Component Designator: OldDesignator=R10 NewDesignator=R11
Change Component Designator: OldDesignator=R11 NewDesignator=R73
Change Component Designator: OldDesignator=R12 NewDesignator=R74
Change Component Designator: OldDesignator=R13 NewDesignator=R75
Change Component Designator: OldDesignator=R14 NewDesignator=R76
Change Component Designator: OldDesignator=R15 NewDesignator=R56
Change Component Designator: OldDesignator=R16 NewDesignator=R60
Change Component Designator: OldDesignator=R17 NewDesignator=R62
Change Component Designator: OldDesignator=R18 NewDesignator=R12
Change Component Designator: OldDesignator=R19 NewDesignator=R13
Change Component Designator: OldDesignator=R20 NewDesignator=R14
Change Component Designator: OldDesignator=R21 NewDesignator=R15
Change Component Designator: OldDesignator=R22 NewDesignator=R16
Change Component Designator: OldDesignator=R23 NewDesignator=R17
Change Component Designator: OldDesignator=R24 NewDesignator=R18
Change Component Designator: OldDesignator=R25 NewDesignator=R19
Change Component Designator: OldDesignator=R26 NewDesignator=R20
Change Component Designator: OldDesignator=R27 NewDesignator=R21
Change Component Designator: OldDesignator=R28 NewDesignator=R22
Change Component Designator: OldDesignator=R29 NewDesignator=R23
Change Component Designator: OldDesignator=R30 NewDesignator=R24
Change Component Designator: OldDesignator=R31 NewDesignator=R25
Change Component Designator: OldDesignator=R32 NewDesignator=R26
Change Component Designator: OldDesignator=R33 NewDesignator=R27
Change Component Designator: OldDesignator=R34 NewDesignator=R28
Change Component Designator: OldDesignator=R35 NewDesignator=R29
Change Component Designator: OldDesignator=R36 NewDesignator=R30
Change Component Designator: OldDesignator=R37 NewDesignator=R31
Change Component Designator: OldDesignator=R38 NewDesignator=R32
Change Component Designator: OldDesignator=R39 NewDesignator=R33
Change Component Designator: OldDesignator=R40 NewDesignator=R34
Change Component Designator: OldDesignator=R41 NewDesignator=R35
Change Component Designator: OldDesignator=R42 NewDesignator=R36
Change Component Designator: OldDesignator=R43 NewDesignator=R37
Change Component Designator: OldDesignator=R44 NewDesignator=R38
Change Component Designator: OldDesignator=R45 NewDesignator=R39
Change Component Designator: OldDesignator=R46 NewDesignator=R63
Change Component Designator: OldDesignator=R50 NewDesignator=R52
Change Component Designator: OldDesignator=R51 NewDesignator=R54
Change Component Designator: OldDesignator=R52 NewDesignator=R57
Change Component Designator: OldDesignator=R53 NewDesignator=R59
Change Component Designator: OldDesignator=R55 NewDesignator=R53
Change Component Designator: OldDesignator=R56 NewDesignator=R55
Change Component Designator: OldDesignator=R57 NewDesignator=R58
Change Component Designator: OldDesignator=R58 NewDesignator=R61
Change Component Designator: OldDesignator=R60 NewDesignator=R41
Change Component Designator: OldDesignator=R61 NewDesignator=R51
Change Component Designator: OldDesignator=R64 NewDesignator=R44
Change Component Designator: OldDesignator=R65 NewDesignator=R48
Change Component Designator: OldDesignator=R68 NewDesignator=R46
Change Component Designator: OldDesignator=R69 NewDesignator=R43
Change Component Designator: OldDesignator=R72 NewDesignator=R49
Change Component Designator: OldDesignator=R73 NewDesignator=R40
Change Component Designator: OldDesignator=R85 NewDesignator=R64
Change Component Designator: OldDesignator=R86 NewDesignator=R65
Change Component Designator: OldDesignator=R87 NewDesignator=R69
Change Component Designator: OldDesignator=R88 NewDesignator=R70
Change Component Designator: OldDesignator=R89 NewDesignator=R66
Change Component Designator: OldDesignator=R90 NewDesignator=R67
Change Component Designator: OldDesignator=R91 NewDesignator=R68
Change Component Designator: OldDesignator=R93 NewDesignator=R71
Change Component Designator: OldDesignator=R95 NewDesignator=R72
Change Component Designator: OldDesignator=R122 NewDesignator=R42
Change Component Designator: OldDesignator=R123 NewDesignator=R45
Change Component Designator: OldDesignator=R124 NewDesignator=R47
Change Component Designator: OldDesignator=R125 NewDesignator=R50
Change Component Designator: OldDesignator=R128 NewDesignator=R1
Change Component Designator: OldDesignator=U9 NewDesignator=U8
Change Component Designator: OldDesignator=U10 NewDesignator=U9
Change Component Designator: OldDesignator=U11 NewDesignator=U10
Change Component Designator: OldDesignator=U13 NewDesignator=U7
Added Pin To Net: NetName=NetD22_K Pin=KM5-2
Added Pin To Net: NetName=NetD23_K Pin=KM6-2
Added Pin To Net: NetName=NetD24_K Pin=KM7-2
Added Pin To Net: NetName=NetD21_K Pin=KM8-2
Added Pin To Net: NetName=NetD22_A Pin=R56-2
Added Pin To Net: NetName=NetD23_A Pin=R60-2
Added Pin To Net: NetName=NetD24_A Pin=R62-2
Added Pin To Net: NetName=NetD21_A Pin=R63-2
Added Pin To Net: NetName=NetD21_K Pin=U7-11
Added Pin To Net: NetName=NetD24_K Pin=U7-12
Added Pin To Net: NetName=NetD23_K Pin=U7-13
Added Pin To Net: NetName=NetD22_K Pin=U7-14
Change Net Name : Old Net Name=NetC13_1 New Net Name=NetC12_1
Change Net Name : Old Net Name=NetC17_1 New Net Name=NetC16_1
Change Net Name : Old Net Name=NetC20_1 New Net Name=NetC19_1
Change Net Name : Old Net Name=NetC24_1 New Net Name=NetC23_1
Change Net Name : Old Net Name=NetC36_2 New Net Name=NetC27_2
Change Net Name : Old Net Name=NetC38_2 New Net Name=NetC28_2
Change Net Name : Old Net Name=NetD3_K New Net Name=NetD29_K
Change Net Name : Old Net Name=NetD6_A New Net Name=NetD7_A
Change Net Name : Old Net Name=NetD13_1 New Net Name=NetD10_1
Change Net Name : Old Net Name=NetD13_3 New Net Name=NetD10_3
Change Net Name : Old Net Name=NetD15_1 New Net Name=NetD12_1
Change Net Name : Old Net Name=NetD15_3 New Net Name=NetD12_3
Change Net Name : Old Net Name=NetD17_1 New Net Name=NetD14_1
Change Net Name : Old Net Name=NetD17_3 New Net Name=NetD14_3
Change Net Name : Old Net Name=NetD19_1 New Net Name=NetD16_1
Change Net Name : Old Net Name=NetD19_3 New Net Name=NetD16_3
Change Net Name : Old Net Name=NetD21_A New Net Name=NetD25_A
Change Net Name : Old Net Name=NetD21_K New Net Name=NetD25_K
Change Net Name : Old Net Name=NetD25_A New Net Name=NetD4_A
Change Net Name : Old Net Name=NetD26_A New Net Name=NetD21_A
Change Net Name : Old Net Name=NetD26_K New Net Name=NetD21_K
Change Net Name : Old Net Name=NetD28_A New Net Name=NetD20_A
Change Net Name : Old Net Name=NetD28_K New Net Name=NetD20_K
Change Net Name : Old Net Name=NetD30_A New Net Name=NetD19_A
Change Net Name : Old Net Name=NetD30_K New Net Name=NetD19_K
Change Net Name : Old Net Name=NetD32_A New Net Name=NetD18_A
Change Net Name : Old Net Name=NetD32_K New Net Name=NetD18_K
Change Net Name : Old Net Name=NetD37_A New Net Name=NetD26_A
Change Net Name : Old Net Name=NetD38_A New Net Name=NetD27_A
Change Net Name : Old Net Name=NetD39_A New Net Name=NetD28_A
Change Net Name : Old Net Name=NetF4_1 New Net Name=NetF2_1
Change Net Name : Old Net Name=NetF4_2 New Net Name=NetF2_2
Change Net Name : Old Net Name=NetF5_1 New Net Name=NetF3_1
Change Net Name : Old Net Name=NetF5_2 New Net Name=NetF3_2
Change Net Name : Old Net Name=NetR1_1 New Net Name=NetR2_1
Change Net Name : Old Net Name=NetR14_3 New Net Name=NetR76_3
Change Net Name : Old Net Name=NetR50_1 New Net Name=NetR52_1
Change Net Name : Old Net Name=NetR51_1 New Net Name=NetR54_1
Change Net Name : Old Net Name=NetR52_1 New Net Name=NetR57_1
Change Net Name : Old Net Name=NetR53_1 New Net Name=NetR59_1
Change Net Name : Old Net Name=NetR60_1 New Net Name=NetR41_1
Change Net Name : Old Net Name=NetR64_1 New Net Name=NetR44_1
Change Net Name : Old Net Name=NetR68_1 New Net Name=NetR46_1
Change Net Name : Old Net Name=NetR72_1 New Net Name=NetR49_1
Added Member To Class: ClassName=POWER Member=Component C3 100nf
Added Member To Class: ClassName=POWER Member=Component D7 红灯 0603
Added Member To Class: ClassName=POWER Member=Component R4 10K
Added Member To Class: ClassName=SIX_OUTPORT-V2 Member=Component R54 200R
Added Member To Class: ClassName=SIX_OUTPORT-V2 Member=Component R59 200R
Added Member To Class: ClassName=SIX_OUTPORT-V2 Member=Component R63 1K
Added Room: Name=POWER
Added Room: Name=RS485
Added Room: Name=SIX-INPORT
Added Room: Name=SIX_OUTPORT-V2
Added Room: Name=STM32F103最小系统板
