Change Component Designator: OldDesignator=3V3 NewDesignator=1
Change Component Designator: OldDesignator=C4 NewDesignator=C7
Change Component Designator: OldDesignator=C5 NewDesignator=C8
Change Component Designator: OldDesignator=C6 NewDesignator=C9
Change Component Designator: OldDesignator=C7 NewDesignator=C10
Change Component Designator: OldDesignator=C8 NewDesignator=C11
Change Component Designator: OldDesignator=C9 NewDesignator=C12
Change Component Designator: OldDesignator=C10 NewDesignator=C13
Change Component Designator: OldDesignator=C11 NewDesignator=C14
Change Component Designator: OldDesignator=C12 NewDesignator=C15
Change Component Designator: OldDesignator=C13 NewDesignator=C16
Change Component Designator: OldDesignator=C14 NewDesignator=C17
Change Component Designator: OldDesignator=C15 NewDesignator=C18
Change Component Designator: OldDesignator=C16 NewDesignator=C19
Change Component Designator: OldDesignator=C17 NewDesignator=C20
Change Component Designator: OldDesignator=C18 NewDesignator=C21
Change Component Designator: OldDesignator=C19 NewDesignator=C22
Change Component Designator: OldDesignator=C20 NewDesignator=C23
Change Component Designator: OldDesignator=C21 NewDesignator=C24
Change Component Designator: OldDesignator=C22 NewDesignator=C25
Change Component Designator: OldDesignator=C23 NewDesignator=C26
Change Component Designator: OldDesignator=C24 NewDesignator=C27
Change Component Designator: OldDesignator=C25 NewDesignator=C28
Change Component Designator: OldDesignator=C26 NewDesignator=C29
Change Component Designator: OldDesignator=C27 NewDesignator=C30
Change Component Designator: OldDesignator=C28 NewDesignator=C31
Change Component Designator: OldDesignator=C29 NewDesignator=C32
Change Component Designator: OldDesignator=C30 NewDesignator=C33
Change Component Designator: OldDesignator=C31 NewDesignator=C34
Change Component Designator: OldDesignator=C32 NewDesignator=C35
Change Component Designator: OldDesignator=C33 NewDesignator=C36
Change Component Designator: OldDesignator=C34 NewDesignator=C37
Change Component Designator: OldDesignator=C35 NewDesignator=C38
Change Component Designator: OldDesignator=C36 NewDesignator=C39
Change Component Designator: OldDesignator=C37 NewDesignator=C40
Change Component Designator: OldDesignator=C38 NewDesignator=C41
Change Component Designator: OldDesignator=C39 NewDesignator=C42
Change Component Designator: OldDesignator=C40 NewDesignator=C43
Change Component Designator: OldDesignator=C41 NewDesignator=C44
Change Component Designator: OldDesignator=C42 NewDesignator=C45
Change Component Designator: OldDesignator=C43 NewDesignator=C46
Change Component Designator: OldDesignator=C44 NewDesignator=C47
Change Component Designator: OldDesignator=C45 NewDesignator=C48
Change Component Designator: OldDesignator=D6 NewDesignator=D7
Change Component Designator: OldDesignator=D7 NewDesignator=D8
Change Component Designator: OldDesignator=D8 NewDesignator=D9
Change Component Designator: OldDesignator=D9 NewDesignator=D10
Change Component Designator: OldDesignator=D10 NewDesignator=D11
Change Component Designator: OldDesignator=D11 NewDesignator=D12
Change Component Designator: OldDesignator=D12 NewDesignator=D13
Change Component Designator: OldDesignator=D13 NewDesignator=D14
Change Component Designator: OldDesignator=D14 NewDesignator=D15
Change Component Designator: OldDesignator=D15 NewDesignator=D16
Change Component Designator: OldDesignator=D16 NewDesignator=D17
Change Component Designator: OldDesignator=D17 NewDesignator=D18
Change Component Designator: OldDesignator=D18 NewDesignator=D19
Change Component Designator: OldDesignator=D19 NewDesignator=D20
Change Component Designator: OldDesignator=D20 NewDesignator=D21
Change Component Designator: OldDesignator=D21 NewDesignator=D22
Change Component Designator: OldDesignator=D22 NewDesignator=D23
Change Component Designator: OldDesignator=D23 NewDesignator=D24
Change Component Designator: OldDesignator=D24 NewDesignator=D25
Change Component Designator: OldDesignator=D25 NewDesignator=D26
Change Component Designator: OldDesignator=D26 NewDesignator=D27
Change Component Designator: OldDesignator=D27 NewDesignator=D28
Change Component Designator: OldDesignator=D28 NewDesignator=D29
Change Component Designator: OldDesignator=D29 NewDesignator=D30
Change Component Designator: OldDesignator=D30 NewDesignator=D31
Change Component Designator: OldDesignator=D31 NewDesignator=D32
Change Component Designator: OldDesignator=D32 NewDesignator=D33
Change Component Designator: OldDesignator=D33 NewDesignator=D34
Change Component Designator: OldDesignator=D34 NewDesignator=D35
Change Component Designator: OldDesignator=D35 NewDesignator=D36
Change Component Designator: OldDesignator=D36 NewDesignator=D37
Change Component Designator: OldDesignator=D37 NewDesignator=D38
Change Component Designator: OldDesignator=D38 NewDesignator=D39
Change Component Designator: OldDesignator=D39 NewDesignator=D40
Change Component Designator: OldDesignator=D40 NewDesignator=D41
Change Component Designator: OldDesignator=D41 NewDesignator=D42
Change Component Designator: OldDesignator=D42 NewDesignator=D43
Change Component Designator: OldDesignator=D43 NewDesignator=D44
Change Component Designator: OldDesignator=F2 NewDesignator=F3
Change Component Designator: OldDesignator=F3 NewDesignator=F4
Change Component Designator: OldDesignator=F4 NewDesignator=F5
Change Component Designator: OldDesignator=F5 NewDesignator=F6
Change Component Designator: OldDesignator=F6 NewDesignator=F7
Change Component Designator: OldDesignator=F7 NewDesignator=F8
Change Component Designator: OldDesignator=F8 NewDesignator=F9
Change Component Designator: OldDesignator=F9 NewDesignator=F10
Change Component Designator: OldDesignator=F10 NewDesignator=F11
Change Component Designator: OldDesignator=F11 NewDesignator=F12
Change Component Designator: OldDesignator=J1 NewDesignator=J3
Change Component Designator: OldDesignator=J2 NewDesignator=J4
Change Component Designator: OldDesignator=R4 NewDesignator=R7
Change Component Designator: OldDesignator=R5 NewDesignator=R8
Change Component Designator: OldDesignator=R6 NewDesignator=R9
Change Component Designator: OldDesignator=R7 NewDesignator=R10
Change Component Designator: OldDesignator=R8 NewDesignator=R11
Change Component Designator: OldDesignator=R9 NewDesignator=R12
Change Component Designator: OldDesignator=R10 NewDesignator=R13
Change Component Designator: OldDesignator=R11 NewDesignator=R14
Change Component Designator: OldDesignator=R12 NewDesignator=R15
Change Component Designator: OldDesignator=R13 NewDesignator=R16
Change Component Designator: OldDesignator=R14 NewDesignator=R17
Change Component Designator: OldDesignator=R15 NewDesignator=R18
Change Component Designator: OldDesignator=R16 NewDesignator=R19
Change Component Designator: OldDesignator=R17 NewDesignator=R20
Change Component Designator: OldDesignator=R18 NewDesignator=R21
Change Component Designator: OldDesignator=R19 NewDesignator=R22
Change Component Designator: OldDesignator=R20 NewDesignator=R23
Change Component Designator: OldDesignator=R21 NewDesignator=R24
Change Component Designator: OldDesignator=R22 NewDesignator=R25
Change Component Designator: OldDesignator=R23 NewDesignator=R26
Change Component Designator: OldDesignator=R24 NewDesignator=R27
Change Component Designator: OldDesignator=R25 NewDesignator=R28
Change Component Designator: OldDesignator=R26 NewDesignator=R29
Change Component Designator: OldDesignator=R27 NewDesignator=R30
Change Component Designator: OldDesignator=R28 NewDesignator=R31
Change Component Designator: OldDesignator=R29 NewDesignator=R32
Change Component Designator: OldDesignator=R30 NewDesignator=R33
Change Component Designator: OldDesignator=R31 NewDesignator=R34
Change Component Designator: OldDesignator=R32 NewDesignator=R35
Change Component Designator: OldDesignator=R33 NewDesignator=R36
Change Component Designator: OldDesignator=R34 NewDesignator=R37
Change Component Designator: OldDesignator=R35 NewDesignator=R38
Change Component Designator: OldDesignator=R36 NewDesignator=R39
Change Component Designator: OldDesignator=R37 NewDesignator=R40
Change Component Designator: OldDesignator=R38 NewDesignator=R41
Change Component Designator: OldDesignator=R39 NewDesignator=R42
Change Component Designator: OldDesignator=R40 NewDesignator=R43
Change Component Designator: OldDesignator=R41 NewDesignator=R44
Change Component Designator: OldDesignator=R42 NewDesignator=R45
Change Component Designator: OldDesignator=R43 NewDesignator=R46
Change Component Designator: OldDesignator=R44 NewDesignator=R47
Change Component Designator: OldDesignator=R45 NewDesignator=R48
Change Component Designator: OldDesignator=R46 NewDesignator=R49
Change Component Designator: OldDesignator=R47 NewDesignator=R50
Change Component Designator: OldDesignator=R48 NewDesignator=R51
Change Component Designator: OldDesignator=R49 NewDesignator=R52
Change Component Designator: OldDesignator=R50 NewDesignator=R53
Change Component Designator: OldDesignator=R51 NewDesignator=R54
Change Component Designator: OldDesignator=R52 NewDesignator=R55
Change Component Designator: OldDesignator=R53 NewDesignator=R56
Change Component Designator: OldDesignator=R54 NewDesignator=R57
Change Component Designator: OldDesignator=R55 NewDesignator=R58
Change Component Designator: OldDesignator=R56 NewDesignator=R59
Change Component Designator: OldDesignator=R57 NewDesignator=R60
Change Component Designator: OldDesignator=R58 NewDesignator=R61
Change Component Designator: OldDesignator=R59 NewDesignator=R62
Change Component Designator: OldDesignator=R60 NewDesignator=R63
Change Component Designator: OldDesignator=R61 NewDesignator=R64
Change Component Designator: OldDesignator=R62 NewDesignator=R65
Change Component Designator: OldDesignator=R63 NewDesignator=R66
Change Component Designator: OldDesignator=R64 NewDesignator=R67
Change Component Designator: OldDesignator=R65 NewDesignator=R68
Change Component Designator: OldDesignator=R66 NewDesignator=R69
Change Component Designator: OldDesignator=R67 NewDesignator=R70
Change Component Designator: OldDesignator=R68 NewDesignator=R71
Change Component Designator: OldDesignator=R69 NewDesignator=R72
Change Component Designator: OldDesignator=R70 NewDesignator=R73
Change Component Designator: OldDesignator=R71 NewDesignator=R74
Change Component Designator: OldDesignator=R72 NewDesignator=R75
Change Component Designator: OldDesignator=R73 NewDesignator=R76
Change Component Designator: OldDesignator=R74 NewDesignator=R77
Change Component Designator: OldDesignator=R75 NewDesignator=R78
Change Component Designator: OldDesignator=R76 NewDesignator=R79
Change Component Designator: OldDesignator=R77 NewDesignator=R80
Change Component Designator: OldDesignator=R78 NewDesignator=R81
Change Component Designator: OldDesignator=R79 NewDesignator=R82
Change Component Designator: OldDesignator=R80 NewDesignator=R83
Change Component Designator: OldDesignator=R81 NewDesignator=R84
Change Component Designator: OldDesignator=R82 NewDesignator=R85
Change Component Designator: OldDesignator=R83 NewDesignator=R86
Change Component Designator: OldDesignator=R84 NewDesignator=R87
Change Component Designator: OldDesignator=R85 NewDesignator=R88
Change Component Designator: OldDesignator=R86 NewDesignator=R89
Change Component Designator: OldDesignator=R87 NewDesignator=R90
Change Component Designator: OldDesignator=R88 NewDesignator=R91
Change Component Designator: OldDesignator=R89 NewDesignator=R92
Change Component Designator: OldDesignator=R90 NewDesignator=R93
Change Component Designator: OldDesignator=R91 NewDesignator=R94
Added Component: Designator=ASM1(LC-SOT-223)
Added Component: Designator=C4(HONOR_63X54)
Added Component: Designator=C5(HONOR_63X54)
Added Component: Designator=C6(LC-0603_C)
Added Component: Designator=D6(LC-SMA(DO-214AC)_S5)
Added Component: Designator=EC1(LC-1206_C)
Added Component: Designator=EC2(LC-1206_C)
Added Component: Designator=EC3(LC-1206_C)
Added Component: Designator=EC4(LC-1206_C)
Added Component: Designator=EC5(LC-1206_C)
Added Component: Designator=EC6(LC-1206_C)
Added Component: Designator=EC7(LC-1206_C)
Added Component: Designator=EC8(LC-1206_C)
Added Component: Designator=EGND1(H-6-3.2m)
Added Component: Designator=EGND2(H-6-3.2m)
Added Component: Designator=EGND3(H-6-3.2m)
Added Component: Designator=EGND4(H-6-3.2m)
Added Component: Designator=ER1(LC-1206_R)
Added Component: Designator=ER2(LC-1206_R)
Added Component: Designator=ER3(LC-1206_R)
Added Component: Designator=ER4(LC-1206_R)
Added Component: Designator=ER5(LC-1206_R)
Added Component: Designator=ER6(LC-1206_R)
Added Component: Designator=ER7(LC-1206_R)
Added Component: Designator=ER8(LC-1206_R)
Added Component: Designator=F2(LC-1206_R)
Added Component: Designator=J1(LC-0603_L)
Added Component: Designator=J2(LC-0603_L)
Added Component: Designator=Pmos1(LC-SOT-23(SOT-23-3))
Added Component: Designator=Q1(LC-SOT-23(SOT-23-3))
Added Component: Designator=R4(LC-0603_R)
Added Component: Designator=R5(LC-0603_R)
Added Component: Designator=R6(LC-0603_R)
Added Pin To Net: NetName=GNDIN Pin=EC3-2
Added Pin To Net: NetName=GNDISO Pin=EC4-2
Added Pin To Net: NetName=GNDIN Pin=ER3-2
Added Pin To Net: NetName=GNDISO Pin=ER4-2
Added Pin To Net: NetName=3V3 Pin=J1-1
Change Net Name : Old Net Name=NetC4_2 New Net Name=NetC7_2
Change Net Name : Old Net Name=NetC12_1 New Net Name=NetC15_1
Change Net Name : Old Net Name=NetC16_1 New Net Name=NetC19_1
Change Net Name : Old Net Name=NetC19_1 New Net Name=NetC22_1
Change Net Name : Old Net Name=NetC23_1 New Net Name=NetC26_1
Change Net Name : Old Net Name=NetC27_1 New Net Name=NetC30_1
Change Net Name : Old Net Name=NetC31_1 New Net Name=NetC34_1
Change Net Name : Old Net Name=NetC35_2 New Net Name=NetC38_2
Change Net Name : Old Net Name=NetC36_2 New Net Name=NetC39_2
Change Net Name : Old Net Name=NetD7_A New Net Name=NetD8_A
Change Net Name : Old Net Name=NetD8_A New Net Name=NetD9_A
Change Net Name : Old Net Name=NetD9_A New Net Name=NetD10_A
Change Net Name : Old Net Name=NetD10_1 New Net Name=NetD11_1
Change Net Name : Old Net Name=NetD10_3 New Net Name=NetD11_3
Change Net Name : Old Net Name=NetD12_1 New Net Name=NetD13_1
Change Net Name : Old Net Name=NetD12_3 New Net Name=NetD13_3
Change Net Name : Old Net Name=NetD14_1 New Net Name=NetD15_1
Change Net Name : Old Net Name=NetD14_3 New Net Name=NetD15_3
Change Net Name : Old Net Name=NetD16_1 New Net Name=NetD17_1
Change Net Name : Old Net Name=NetD16_3 New Net Name=NetD17_3
Change Net Name : Old Net Name=NetD18_1 New Net Name=NetD19_1
Change Net Name : Old Net Name=NetD18_3 New Net Name=NetD19_3
Change Net Name : Old Net Name=NetD20_1 New Net Name=NetD21_1
Change Net Name : Old Net Name=NetD20_3 New Net Name=NetD21_3
Change Net Name : Old Net Name=NetD23_A New Net Name=NetD24_A
Change Net Name : Old Net Name=NetD23_K New Net Name=NetD24_K
Change Net Name : Old Net Name=NetD26_A New Net Name=NetD27_A
Change Net Name : Old Net Name=NetD26_K New Net Name=NetD27_K
Change Net Name : Old Net Name=NetD28_A New Net Name=NetD29_A
Change Net Name : Old Net Name=NetD28_K New Net Name=NetD29_K
Change Net Name : Old Net Name=NetD30_A New Net Name=NetD31_A
Change Net Name : Old Net Name=NetD30_K New Net Name=NetD31_K
Change Net Name : Old Net Name=NetD31_A New Net Name=NetD32_A
Change Net Name : Old Net Name=NetD31_K New Net Name=NetD32_K
Change Net Name : Old Net Name=NetD33_A New Net Name=NetD34_A
Change Net Name : Old Net Name=NetD33_K New Net Name=NetD34_K
Change Net Name : Old Net Name=NetD35_A New Net Name=NetD36_A
Change Net Name : Old Net Name=NetD35_K New Net Name=NetD36_K
Change Net Name : Old Net Name=NetD37_A New Net Name=NetD38_A
Change Net Name : Old Net Name=NetD37_K New Net Name=NetD38_K
Change Net Name : Old Net Name=NetD39_A New Net Name=NetD40_A
Change Net Name : Old Net Name=NetD40_A New Net Name=NetD41_A
Change Net Name : Old Net Name=NetD41_A New Net Name=NetD42_A
Change Net Name : Old Net Name=NetD42_A New Net Name=NetD43_A
Change Net Name : Old Net Name=NetD43_K New Net Name=NetD44_K
Change Net Name : Old Net Name=NetF2_1 New Net Name=NetF3_1
Change Net Name : Old Net Name=NetF3_1 New Net Name=NetF4_1
Change Net Name : Old Net Name=NetJ2_2 New Net Name=NetJ4_2
Change Net Name : Old Net Name=NetR55_1 New Net Name=NetR58_1
Change Net Name : Old Net Name=NetR58_1 New Net Name=NetR61_1
Change Net Name : Old Net Name=NetR60_1 New Net Name=NetR63_1
Change Net Name : Old Net Name=NetR63_1 New Net Name=NetR66_1
Change Net Name : Old Net Name=NetR66_1 New Net Name=NetR69_1
Change Net Name : Old Net Name=NetR68_1 New Net Name=NetR71_1
Change Net Name : Old Net Name=NetR71_1 New Net Name=NetR74_1
Change Net Name : Old Net Name=NetR73_1 New Net Name=NetR76_1
Change Net Name : Old Net Name=NetR91_3 New Net Name=NetR94_3
Added Pin To Net: NetName=5V Pin=ASM1-3
Added Pin To Net: NetName=5V Pin=C4-1
Added Pin To Net: NetName=5V Pin=D6-2
Added Net: Name=5V
Added Pin To Net: NetName=DC3V3 Pin=ASM1-2
Added Pin To Net: NetName=DC3V3 Pin=ASM1-2
Added Pin To Net: NetName=DC3V3 Pin=C5-1
Added Pin To Net: NetName=DC3V3 Pin=C6-1
Added Pin To Net: NetName=DC3V3 Pin=J2-2
Added Net: Name=DC3V3
Added Pin To Net: NetName=EGND Pin=EC1-1
Added Pin To Net: NetName=EGND Pin=EC2-1
Added Pin To Net: NetName=EGND Pin=EC3-1
Added Pin To Net: NetName=EGND Pin=EC4-1
Added Pin To Net: NetName=EGND Pin=EC5-1
Added Pin To Net: NetName=EGND Pin=EC6-1
Added Pin To Net: NetName=EGND Pin=EC7-1
Added Pin To Net: NetName=EGND Pin=EC8-1
Added Pin To Net: NetName=EGND Pin=EGND1-0
Added Pin To Net: NetName=EGND Pin=EGND2-0
Added Pin To Net: NetName=EGND Pin=EGND3-0
Added Pin To Net: NetName=EGND Pin=EGND4-0
Added Pin To Net: NetName=EGND Pin=ER1-1
Added Pin To Net: NetName=EGND Pin=ER2-1
Added Pin To Net: NetName=EGND Pin=ER3-1
Added Pin To Net: NetName=EGND Pin=ER4-1
Added Pin To Net: NetName=EGND Pin=ER5-1
Added Pin To Net: NetName=EGND Pin=ER6-1
Added Pin To Net: NetName=EGND Pin=ER7-1
Added Pin To Net: NetName=EGND Pin=ER8-1
Added Net: Name=EGND
Added Pin To Net: NetName=GND Pin=ASM1-1
Added Pin To Net: NetName=GND Pin=C4-2
Added Pin To Net: NetName=GND Pin=C5-2
Added Pin To Net: NetName=GND Pin=C6-2
Added Pin To Net: NetName=GND Pin=EC1-2
Added Pin To Net: NetName=GND Pin=EC2-2
Added Pin To Net: NetName=GND Pin=EC5-2
Added Pin To Net: NetName=GND Pin=EC6-2
Added Pin To Net: NetName=GND Pin=EC7-2
Added Pin To Net: NetName=GND Pin=EC8-2
Added Pin To Net: NetName=GND Pin=ER1-2
Added Pin To Net: NetName=GND Pin=ER2-2
Added Pin To Net: NetName=GND Pin=ER5-2
Added Pin To Net: NetName=GND Pin=ER6-2
Added Pin To Net: NetName=GND Pin=ER7-2
Added Pin To Net: NetName=GND Pin=ER8-2
Added Pin To Net: NetName=GND Pin=Q1-2
Added Pin To Net: NetName=GND Pin=R6-1
Added Net: Name=GND
Added Pin To Net: NetName=INTERNETRST Pin=R5-2
Added Net: Name=INTERNETRST
Added Pin To Net: NetName=NetD6_1 Pin=D6-1
Added Pin To Net: NetName=NetD6_1 Pin=F2-2
Added Net: Name=NetD6_1
Added Pin To Net: NetName=NetJ1_2 Pin=J1-2
Added Pin To Net: NetName=NetJ1_2 Pin=J2-1
Added Pin To Net: NetName=NetJ1_2 Pin=Pmos1-2
Added Pin To Net: NetName=NetJ1_2 Pin=R4-2
Added Net: Name=NetJ1_2
Added Pin To Net: NetName=NetPmos1_1 Pin=Pmos1-1
Added Pin To Net: NetName=NetPmos1_1 Pin=Q1-3
Added Pin To Net: NetName=NetPmos1_1 Pin=R4-1
Added Net: Name=NetPmos1_1
Added Pin To Net: NetName=NetQ1_1 Pin=Q1-1
Added Pin To Net: NetName=NetQ1_1 Pin=R5-1
Added Pin To Net: NetName=NetQ1_1 Pin=R6-2
Added Net: Name=NetQ1_1
Added Pin To Net: NetName=WVCC Pin=Pmos1-3
Added Net: Name=WVCC
Added Member To Class: ClassName=POWER Member=Component ASM1 ASM1117-3.3
Added Member To Class: ClassName=POWER Member=Component C9 104
Added Member To Class: ClassName=POWER Member=Component C10 104
Added Member To Class: ClassName=POWER Member=Component C11 100nf
Added Member To Class: ClassName=POWER Member=Component D8 红灯 0603
Added Member To Class: ClassName=POWER Member=Component EC1 103 200V
Added Member To Class: ClassName=POWER Member=Component EC2 103 200V
Added Member To Class: ClassName=POWER Member=Component EC3 103 200V
Added Member To Class: ClassName=POWER Member=Component EC4 103 200V
Added Member To Class: ClassName=POWER Member=Component EC5 103 200V
Added Member To Class: ClassName=POWER Member=Component EC6 103 200V
Added Member To Class: ClassName=POWER Member=Component EC7 103 200V
Added Member To Class: ClassName=POWER Member=Component EC8 103 200V
Added Member To Class: ClassName=POWER Member=Component EGND1 EGND
Added Member To Class: ClassName=POWER Member=Component EGND2 EGND
Added Member To Class: ClassName=POWER Member=Component EGND3 EGND
Added Member To Class: ClassName=POWER Member=Component EGND4 EGND
Added Member To Class: ClassName=POWER Member=Component ER1 1M
Added Member To Class: ClassName=POWER Member=Component ER2 1M
Added Member To Class: ClassName=POWER Member=Component ER3 1M
Added Member To Class: ClassName=POWER Member=Component ER4 1M
Added Member To Class: ClassName=POWER Member=Component ER5 1M
Added Member To Class: ClassName=POWER Member=Component ER6 1M
Added Member To Class: ClassName=POWER Member=Component ER7 1M
Added Member To Class: ClassName=POWER Member=Component ER8 1M
Added Member To Class: ClassName=POWER Member=Component F2 SMD1206P075TF
Added Member To Class: ClassName=POWER Member=Component J1 0R
Added Member To Class: ClassName=POWER Member=Component J2 0R
Added Member To Class: ClassName=POWER Member=Component Pmos1 SI2301
Added Member To Class: ClassName=POWER Member=Component Q1 S8050
Added Member To Class: ClassName=POWER Member=Component R5 2K
Added Member To Class: ClassName=POWER Member=Component R6 10K
Added Member To Class: ClassName=POWER Member=Component R7 10K
Added Room: Name=POWER
Added Room: Name=RS485
Added Room: Name=SIX-INPORT
Added Room: Name=SIX_OUTPORT-V2
Added Room: Name=STM32F103最小系统板
