Removed Pin From Net: NetName=A/D_IN1 Pin=P4-1
Removed Pin From Net: NetName=A/D_IN2 Pin=P4-2
Removed Pin From Net: NetName=A/D_IN3 Pin=P4-3
Removed Pin From Net: NetName=A/D_IN4 Pin=P4-4
Removed Pin From Net: NetName=A/D_IN5 Pin=P4-5
Removed Pin From Net: NetName=A/D_IN6 Pin=P4-6
Removed Pin From Net: NetName=A/D_IN7 Pin=P4-7
Removed Pin From Net: NetName=A/D_IN8 Pin=P4-8
Removed Pin From Net: NetName=A/D_IN9 Pin=P4-9
Removed Pin From Net: NetName=A/D_IN10 Pin=P4-10
Removed Pin From Net: NetName=A/D_IN11 Pin=P4-11
Removed Pin From Net: NetName=A/D_IN12 Pin=P4-12
Added Component: Designator=P1(KF2EDG5.08-2P)
Added Pin To Net: NetName=NetF1_1 Pin=P1-1
Added Pin To Net: NetName=GNDIN Pin=P1-2
Added Pin To Net: NetName=A/D_IN1 Pin=P4-3
Added Pin To Net: NetName=A/D_IN2 Pin=P4-4
Added Pin To Net: NetName=A/D_IN3 Pin=P4-5
Added Pin To Net: NetName=A/D_IN4 Pin=P4-6
Added Pin To Net: NetName=A/D_IN5 Pin=P4-7
Added Pin To Net: NetName=A/D_IN6 Pin=P4-8
Added Pin To Net: NetName=A/D_IN7 Pin=P4-9
Added Pin To Net: NetName=A/D_IN8 Pin=P4-10
Added Pin To Net: NetName=A/D_IN9 Pin=P4-11
Added Pin To Net: NetName=A/D_IN10 Pin=P4-12
Added Pin To Net: NetName=A/D_IN11 Pin=P4-13
Added Pin To Net: NetName=A/D_IN12 Pin=P4-14
Added Member To Class: ClassName=POWER Member=Component P1 Header 2
