Removed Pin From Net: NetName=KM4 Pin=U9-24
Removed Pin From Net: NetName=KM3 Pin=U9-25
Removed Pin From Net: NetName=KM2 Pin=U9-26
Removed Pin From Net: NetName=KM1 Pin=U9-27
Removed Pin From Net: NetName=ADDR_7 Pin=U9-50
Removed Pin From Net: NetName=ADDR_6 Pin=U9-51
Removed Pin From Net: NetName=ADDR_5 Pin=U9-52
Removed Pin From Net: NetName=ADDR_4 Pin=U9-53
Removed Pin From Net: NetName=ADDR_3 Pin=U9-54
Removed Pin From Net: NetName=ADDR_2 Pin=U9-55
Removed Pin From Net: NetName=ADDR_1 Pin=U9-56
Removed Pin From Net: NetName=ADDR_0 Pin=U9-57
Added Pin To Net: NetName=ADDR_0 Pin=U9-33
Added Pin To Net: NetName=ADDR_1 Pin=U9-34
Added Pin To Net: NetName=ADDR_2 Pin=U9-35
Added Pin To Net: NetName=ADDR_3 Pin=U9-36
Added Pin To Net: NetName=ADDR_4 Pin=U9-37
Added Pin To Net: NetName=ADDR_5 Pin=U9-38
Added Pin To Net: NetName=ADDR_6 Pin=U9-39
Added Pin To Net: NetName=ADDR_7 Pin=U9-40
Added Pin To Net: NetName=KM8 Pin=U9-50
Added Pin To Net: NetName=KM7 Pin=U9-51
Added Pin To Net: NetName=KM6 Pin=U9-52
Added Pin To Net: NetName=KM5 Pin=U9-53
Added Pin To Net: NetName=KM4 Pin=U9-54
Added Pin To Net: NetName=KM3 Pin=U9-55
Added Pin To Net: NetName=KM2 Pin=U9-56
Added Pin To Net: NetName=KM1 Pin=U9-57
Added Member To Class: ClassName=SIX_OUTPORT-V2 Member=Component P5 Header 8
