Removed Pin From Net: NetName=A/D_IN10-2 Pin=D18-2
Removed Pin From Net: NetName=A/D_IN12-2 Pin=D19-2
Removed Pin From Net: NetName=A/D_IN10-2 Pin=F9-2
Removed Pin From Net: NetName=A/D_IN12-2 Pin=F10-2
Removed Pin From Net: NetName=A/D_IN11 Pin=P4-8
Removed Pin From Net: NetName=A/D_IN9 Pin=P4-10
Removed Pin From Net: NetName=A/D_IN9 Pin=R41-2
Removed Pin From Net: NetName=A/D_IN9 Pin=R43-2
Removed Pin From Net: NetName=A/D_IN11 Pin=R47-2
Removed Pin From Net: NetName=A/D_IN11 Pin=R48-2
Change Net Name : Old Net Name=A/D_IN9 New Net Name=PC5_1
Change Net Name : Old Net Name=A/D_IN10-2 New Net Name=PC5_2
Change Net Name : Old Net Name=A/D_IN11 New Net Name=PC6_1
Change Net Name : Old Net Name=A/D_IN12-2 New Net Name=PC6_2
Added Pin To Net: NetName=A/D_IN9 Pin=P4-10
Added Pin To Net: NetName=A/D_IN9 Pin=R41-2
Added Pin To Net: NetName=A/D_IN9 Pin=R43-2
Added Net: Name=A/D_IN9
Added Pin To Net: NetName=A/D_IN10-2 Pin=D18-2
Added Pin To Net: NetName=A/D_IN10-2 Pin=F9-2
Added Net: Name=A/D_IN10-2
Added Pin To Net: NetName=A/D_IN11 Pin=P4-8
Added Pin To Net: NetName=A/D_IN11 Pin=R47-2
Added Pin To Net: NetName=A/D_IN11 Pin=R48-2
Added Net: Name=A/D_IN11
Added Pin To Net: NetName=A/D_IN12-2 Pin=D19-2
Added Pin To Net: NetName=A/D_IN12-2 Pin=F10-2
Added Net: Name=A/D_IN12-2
