Removed Pin From Net: NetName=SW_DI2 Pin=U5-3
Removed Pin From Net: NetName=SW_DI1 Pin=U5-4
Removed Pin From Net: NetName=KM3 Pin=U5-34
Removed Pin From Net: NetName=KM2 Pin=U5-35
Removed Pin From Net: NetName=KM1 Pin=U5-36
Removed Pin From Net: NetName=ADDR_0 Pin=U5-50
Removed Pin From Net: NetName=ADDR_1 Pin=U5-51
Removed Pin From Net: NetName=ADDR_2 Pin=U5-52
Removed Pin From Net: NetName=ADDR_3 Pin=U5-53
Removed Pin From Net: NetName=ADDR_4 Pin=U5-54
Removed Pin From Net: NetName=ADDR_5 Pin=U5-55
Removed Pin From Net: NetName=ADDR_6 Pin=U5-56
Removed Pin From Net: NetName=ADDR_7 Pin=U5-57
Removed Pin From Net: NetName=SW_DI4 Pin=U5-62
Added Pin To Net: NetName=ADDR_5 Pin=U5-2
Added Pin To Net: NetName=ADDR_6 Pin=U5-3
Added Pin To Net: NetName=ADDR_7 Pin=U5-4
Added Pin To Net: NetName=SW_DI2 Pin=U5-24
Added Pin To Net: NetName=SW_DI1 Pin=U5-25
Added Pin To Net: NetName=ADDR_1 Pin=U5-35
Added Pin To Net: NetName=ADDR_2 Pin=U5-36
Added Pin To Net: NetName=ADDR_3 Pin=U5-37
Added Pin To Net: NetName=KM3 Pin=U5-38
Added Pin To Net: NetName=KM2 Pin=U5-39
Added Pin To Net: NetName=KM1 Pin=U5-40
Added Pin To Net: NetName=ADDR_0 Pin=U5-45
Added Pin To Net: NetName=SW_DI4 Pin=U5-55
Added Pin To Net: NetName=ADDR_4 Pin=U5-62
