Removed Pin From Net: NetName=A/D_IN12 Pin=P4-7
Removed Pin From Net: NetName=A/D_IN10 Pin=P4-9
Removed Member From Class: ClassName=SIX_OUTPORT-V2 Member=D18
Removed Member From Class: ClassName=SIX_OUTPORT-V2 Member=R45
Removed Member From Class: ClassName=SIX_OUTPORT-V2 Member=R46
Removed Member From Class: ClassName=SIX_OUTPORT-V2 Member=R49
Change Component Designator: OldDesignator=P7 NewDesignator=P5
Change Component Designator: OldDesignator=P8 NewDesignator=P6
Change Component Designator: OldDesignator=P9 NewDesignator=P7
Change Component Designator: OldDesignator=P10 NewDesignator=P8
Change Component Designator: OldDesignator=P11 NewDesignator=P9
Change Component Designator: OldDesignator=P12 NewDesignator=P10
Change Component Designator: OldDesignator=P13 NewDesignator=P11
Added Component: Designator=F9(ntc250v)
Added Component: Designator=F10(ntc250v)
Added Pin To Net: NetName=A/D_IN10 Pin=F9-2
Added Pin To Net: NetName=A/D_IN12 Pin=F10-2
Change Net Name : Old Net Name=A/D_IN10 New Net Name=A/D_IN10-2
Change Net Name : Old Net Name=A/D_IN12 New Net Name=A/D_IN12-2
Added Pin To Net: NetName=A/D_IN10 Pin=F9-1
Added Pin To Net: NetName=A/D_IN10 Pin=P4-9
Added Net: Name=A/D_IN10
Added Pin To Net: NetName=A/D_IN12 Pin=F10-1
Added Pin To Net: NetName=A/D_IN12 Pin=P4-7
Added Net: Name=A/D_IN12
Added Member To Class: ClassName=SIX-INPORT Member=Component D19 1N4148
Added Member To Class: ClassName=SIX_OUTPORT-V2 Member=Component D21 °×µÆ 0805
Added Member To Class: ClassName=SIX-INPORT Member=Component F9 JK250-120U
Added Member To Class: ClassName=SIX-INPORT Member=Component F10 JK250-120U
Added Member To Class: ClassName=SIX-INPORT Member=Component R47 Res1
Added Member To Class: ClassName=SIX-INPORT Member=Component R48 Res1
Added Member To Class: ClassName=SIX_OUTPORT-V2 Member=Component R50 1K
Added Member To Class: ClassName=SIX_OUTPORT-V2 Member=Component R51 200R
Added Member To Class: ClassName=SIX_OUTPORT-V2 Member=Component R53 1K
