Removed Pin From Net: NetName=PA9_USART1_TX Pin=D40-K
Removed Pin From Net: NetName=PA10_USART1_RX Pin=D41-K
Change Component Designator: OldDesignator=1 NewDesignator=3V3
Change Component Designator: OldDesignator=C7 NewDesignator=C4
Change Component Designator: OldDesignator=C8 NewDesignator=C5
Change Component Designator: OldDesignator=C9 NewDesignator=C6
Change Component Designator: OldDesignator=C10 NewDesignator=C7
Change Component Designator: OldDesignator=C11 NewDesignator=C8
Change Component Designator: OldDesignator=C12 NewDesignator=C9
Change Component Designator: OldDesignator=C13 NewDesignator=C10
Change Component Designator: OldDesignator=C14 NewDesignator=C11
Change Component Designator: OldDesignator=C15 NewDesignator=C12
Change Component Designator: OldDesignator=C16 NewDesignator=C13
Change Component Designator: OldDesignator=C17 NewDesignator=C14
Change Component Designator: OldDesignator=C18 NewDesignator=C15
Change Component Designator: OldDesignator=C19 NewDesignator=C16
Change Component Designator: OldDesignator=C20 NewDesignator=C17
Change Component Designator: OldDesignator=C21 NewDesignator=C18
Change Component Designator: OldDesignator=C22 NewDesignator=C19
Change Component Designator: OldDesignator=C23 NewDesignator=C20
Change Component Designator: OldDesignator=C24 NewDesignator=C21
Change Component Designator: OldDesignator=C25 NewDesignator=C22
Change Component Designator: OldDesignator=C26 NewDesignator=C23
Change Component Designator: OldDesignator=C27 NewDesignator=C24
Change Component Designator: OldDesignator=C28 NewDesignator=C25
Change Component Designator: OldDesignator=C29 NewDesignator=C26
Change Component Designator: OldDesignator=C30 NewDesignator=C27
Change Component Designator: OldDesignator=C31 NewDesignator=C28
Change Component Designator: OldDesignator=C32 NewDesignator=C29
Change Component Designator: OldDesignator=C33 NewDesignator=C30
Change Component Designator: OldDesignator=C34 NewDesignator=C31
Change Component Designator: OldDesignator=C35 NewDesignator=C32
Change Component Designator: OldDesignator=C36 NewDesignator=C33
Change Component Designator: OldDesignator=C37 NewDesignator=C34
Change Component Designator: OldDesignator=C38 NewDesignator=C35
Change Component Designator: OldDesignator=C39 NewDesignator=C36
Change Component Designator: OldDesignator=C40 NewDesignator=C37
Change Component Designator: OldDesignator=C41 NewDesignator=C38
Change Component Designator: OldDesignator=C42 NewDesignator=C39
Change Component Designator: OldDesignator=C43 NewDesignator=C40
Change Component Designator: OldDesignator=C44 NewDesignator=C41
Change Component Designator: OldDesignator=C45 NewDesignator=C42
Change Component Designator: OldDesignator=C46 NewDesignator=C43
Change Component Designator: OldDesignator=C47 NewDesignator=C44
Change Component Designator: OldDesignator=C48 NewDesignator=C45
Change Component Designator: OldDesignator=D7 NewDesignator=D6
Change Component Designator: OldDesignator=D8 NewDesignator=D7
Change Component Designator: OldDesignator=D9 NewDesignator=D8
Change Component Designator: OldDesignator=D10 NewDesignator=D9
Change Component Designator: OldDesignator=D11 NewDesignator=D10
Change Component Designator: OldDesignator=D12 NewDesignator=D11
Change Component Designator: OldDesignator=D13 NewDesignator=D12
Change Component Designator: OldDesignator=D14 NewDesignator=D13
Change Component Designator: OldDesignator=D15 NewDesignator=D14
Change Component Designator: OldDesignator=D16 NewDesignator=D15
Change Component Designator: OldDesignator=D17 NewDesignator=D16
Change Component Designator: OldDesignator=D18 NewDesignator=D17
Change Component Designator: OldDesignator=D19 NewDesignator=D18
Change Component Designator: OldDesignator=D20 NewDesignator=D19
Change Component Designator: OldDesignator=D21 NewDesignator=D20
Change Component Designator: OldDesignator=D22 NewDesignator=D21
Change Component Designator: OldDesignator=D23 NewDesignator=D22
Change Component Designator: OldDesignator=D24 NewDesignator=D23
Change Component Designator: OldDesignator=D25 NewDesignator=D24
Change Component Designator: OldDesignator=D26 NewDesignator=D25
Change Component Designator: OldDesignator=D27 NewDesignator=D26
Change Component Designator: OldDesignator=D28 NewDesignator=D27
Change Component Designator: OldDesignator=D29 NewDesignator=D28
Change Component Designator: OldDesignator=D30 NewDesignator=D29
Change Component Designator: OldDesignator=D31 NewDesignator=D30
Change Component Designator: OldDesignator=D32 NewDesignator=D31
Change Component Designator: OldDesignator=D33 NewDesignator=D32
Change Component Designator: OldDesignator=D34 NewDesignator=D33
Change Component Designator: OldDesignator=D35 NewDesignator=D34
Change Component Designator: OldDesignator=D36 NewDesignator=D35
Change Component Designator: OldDesignator=D37 NewDesignator=D36
Change Component Designator: OldDesignator=D38 NewDesignator=D37
Change Component Designator: OldDesignator=D39 NewDesignator=D38
Change Component Designator: OldDesignator=D40 NewDesignator=D39
Change Component Designator: OldDesignator=D42 NewDesignator=D43
Change Component Designator: OldDesignator=D43 NewDesignator=D44
Change Component Designator: OldDesignator=D44 NewDesignator=D45
Change Component Designator: OldDesignator=EC5 NewDesignator=EC4
Change Component Designator: OldDesignator=EC6 NewDesignator=EC1
Change Component Designator: OldDesignator=EC7 NewDesignator=EC2
Change Component Designator: OldDesignator=EC8 NewDesignator=EC3
Change Component Designator: OldDesignator=ER5 NewDesignator=ER3
Change Component Designator: OldDesignator=ER6 NewDesignator=ER1
Change Component Designator: OldDesignator=ER8 NewDesignator=ER2
Change Component Designator: OldDesignator=F3 NewDesignator=F2
Change Component Designator: OldDesignator=F4 NewDesignator=F3
Change Component Designator: OldDesignator=F5 NewDesignator=F4
Change Component Designator: OldDesignator=F6 NewDesignator=F5
Change Component Designator: OldDesignator=F7 NewDesignator=F6
Change Component Designator: OldDesignator=F8 NewDesignator=F7
Change Component Designator: OldDesignator=F9 NewDesignator=F8
Change Component Designator: OldDesignator=F10 NewDesignator=F9
Change Component Designator: OldDesignator=F11 NewDesignator=F10
Change Component Designator: OldDesignator=F12 NewDesignator=F11
Change Component Designator: OldDesignator=J3 NewDesignator=J1
Change Component Designator: OldDesignator=J4 NewDesignator=J2
Change Component Designator: OldDesignator=R7 NewDesignator=R4
Change Component Designator: OldDesignator=R8 NewDesignator=R5
Change Component Designator: OldDesignator=R9 NewDesignator=R6
Change Component Designator: OldDesignator=R10 NewDesignator=R7
Change Component Designator: OldDesignator=R11 NewDesignator=R8
Change Component Designator: OldDesignator=R12 NewDesignator=R9
Change Component Designator: OldDesignator=R13 NewDesignator=R10
Change Component Designator: OldDesignator=R14 NewDesignator=R11
Change Component Designator: OldDesignator=R15 NewDesignator=R12
Change Component Designator: OldDesignator=R16 NewDesignator=R13
Change Component Designator: OldDesignator=R17 NewDesignator=R14
Change Component Designator: OldDesignator=R18 NewDesignator=R15
Change Component Designator: OldDesignator=R19 NewDesignator=R16
Change Component Designator: OldDesignator=R20 NewDesignator=R17
Change Component Designator: OldDesignator=R21 NewDesignator=R18
Change Component Designator: OldDesignator=R22 NewDesignator=R19
Change Component Designator: OldDesignator=R23 NewDesignator=R20
Change Component Designator: OldDesignator=R24 NewDesignator=R21
Change Component Designator: OldDesignator=R25 NewDesignator=R22
Change Component Designator: OldDesignator=R26 NewDesignator=R23
Change Component Designator: OldDesignator=R27 NewDesignator=R24
Change Component Designator: OldDesignator=R28 NewDesignator=R25
Change Component Designator: OldDesignator=R29 NewDesignator=R26
Change Component Designator: OldDesignator=R30 NewDesignator=R27
Change Component Designator: OldDesignator=R31 NewDesignator=R28
Change Component Designator: OldDesignator=R32 NewDesignator=R29
Change Component Designator: OldDesignator=R33 NewDesignator=R30
Change Component Designator: OldDesignator=R34 NewDesignator=R31
Change Component Designator: OldDesignator=R35 NewDesignator=R32
Change Component Designator: OldDesignator=R36 NewDesignator=R33
Change Component Designator: OldDesignator=R37 NewDesignator=R34
Change Component Designator: OldDesignator=R38 NewDesignator=R35
Change Component Designator: OldDesignator=R39 NewDesignator=R36
Change Component Designator: OldDesignator=R40 NewDesignator=R37
Change Component Designator: OldDesignator=R41 NewDesignator=R38
Change Component Designator: OldDesignator=R42 NewDesignator=R39
Change Component Designator: OldDesignator=R43 NewDesignator=R40
Change Component Designator: OldDesignator=R44 NewDesignator=R41
Change Component Designator: OldDesignator=R45 NewDesignator=R42
Change Component Designator: OldDesignator=R46 NewDesignator=R43
Change Component Designator: OldDesignator=R47 NewDesignator=R44
Change Component Designator: OldDesignator=R48 NewDesignator=R45
Change Component Designator: OldDesignator=R49 NewDesignator=R46
Change Component Designator: OldDesignator=R50 NewDesignator=R47
Change Component Designator: OldDesignator=R51 NewDesignator=R48
Change Component Designator: OldDesignator=R52 NewDesignator=R49
Change Component Designator: OldDesignator=R53 NewDesignator=R50
Change Component Designator: OldDesignator=R54 NewDesignator=R51
Change Component Designator: OldDesignator=R55 NewDesignator=R52
Change Component Designator: OldDesignator=R56 NewDesignator=R53
Change Component Designator: OldDesignator=R57 NewDesignator=R54
Change Component Designator: OldDesignator=R58 NewDesignator=R55
Change Component Designator: OldDesignator=R59 NewDesignator=R56
Change Component Designator: OldDesignator=R60 NewDesignator=R57
Change Component Designator: OldDesignator=R61 NewDesignator=R58
Change Component Designator: OldDesignator=R62 NewDesignator=R59
Change Component Designator: OldDesignator=R63 NewDesignator=R60
Change Component Designator: OldDesignator=R64 NewDesignator=R61
Change Component Designator: OldDesignator=R65 NewDesignator=R62
Change Component Designator: OldDesignator=R66 NewDesignator=R63
Change Component Designator: OldDesignator=R67 NewDesignator=R64
Change Component Designator: OldDesignator=R68 NewDesignator=R65
Change Component Designator: OldDesignator=R69 NewDesignator=R66
Change Component Designator: OldDesignator=R70 NewDesignator=R67
Change Component Designator: OldDesignator=R71 NewDesignator=R68
Change Component Designator: OldDesignator=R72 NewDesignator=R69
Change Component Designator: OldDesignator=R73 NewDesignator=R70
Change Component Designator: OldDesignator=R74 NewDesignator=R71
Change Component Designator: OldDesignator=R75 NewDesignator=R72
Change Component Designator: OldDesignator=R76 NewDesignator=R73
Change Component Designator: OldDesignator=R77 NewDesignator=R74
Change Component Designator: OldDesignator=R78 NewDesignator=R75
Change Component Designator: OldDesignator=R79 NewDesignator=R76
Change Component Designator: OldDesignator=R80 NewDesignator=R77
Change Component Designator: OldDesignator=R81 NewDesignator=R78
Change Component Designator: OldDesignator=R82 NewDesignator=R79
Change Component Designator: OldDesignator=R83 NewDesignator=R80
Change Component Designator: OldDesignator=R84 NewDesignator=R81
Change Component Designator: OldDesignator=R85 NewDesignator=R82
Change Component Designator: OldDesignator=R86 NewDesignator=R85
Change Component Designator: OldDesignator=R87 NewDesignator=R86
Change Component Designator: OldDesignator=R88 NewDesignator=R87
Change Component Designator: OldDesignator=R89 NewDesignator=R88
Change Component Designator: OldDesignator=R90 NewDesignator=R89
Change Component Designator: OldDesignator=R91 NewDesignator=R90
Change Component Designator: OldDesignator=R92 NewDesignator=R91
Change Component Designator: OldDesignator=R93 NewDesignator=R92
Change Component Designator: OldDesignator=R94 NewDesignator=R93
Change Component Designator: OldDesignator=VCCIN1 NewDesignator=VCCIN5V
Added Component: Designator=D40(D-1206)
Added Component: Designator=D42(D-1206)
Added Component: Designator=R83(LC-0603_R)
Added Component: Designator=R84(LC-0603_R)
Added Pin To Net: NetName=PUTIN_3V3GND Pin=D40-1
Added Pin To Net: NetName=PUTIN_3V3GND Pin=D42-1
Change Net Name : Old Net Name=NetC7_2 New Net Name=NetC4_2
Change Net Name : Old Net Name=NetC15_1 New Net Name=NetC12_1
Change Net Name : Old Net Name=NetC19_1 New Net Name=NetC16_1
Change Net Name : Old Net Name=NetC22_1 New Net Name=NetC19_1
Change Net Name : Old Net Name=NetC26_1 New Net Name=NetC23_1
Change Net Name : Old Net Name=NetC30_1 New Net Name=NetC27_1
Change Net Name : Old Net Name=NetC34_1 New Net Name=NetC31_1
Change Net Name : Old Net Name=NetC38_2 New Net Name=NetC35_2
Change Net Name : Old Net Name=NetC39_2 New Net Name=NetC36_2
Change Net Name : Old Net Name=NetD8_A New Net Name=NetD7_A
Change Net Name : Old Net Name=NetD9_A New Net Name=NetD8_A
Change Net Name : Old Net Name=NetD10_A New Net Name=NetD9_A
Change Net Name : Old Net Name=NetD11_1 New Net Name=NetD10_1
Change Net Name : Old Net Name=NetD11_3 New Net Name=NetD10_3
Change Net Name : Old Net Name=NetD13_1 New Net Name=NetD12_1
Change Net Name : Old Net Name=NetD13_3 New Net Name=NetD12_3
Change Net Name : Old Net Name=NetD15_1 New Net Name=NetD14_1
Change Net Name : Old Net Name=NetD15_3 New Net Name=NetD14_3
Change Net Name : Old Net Name=NetD17_1 New Net Name=NetD16_1
Change Net Name : Old Net Name=NetD17_3 New Net Name=NetD16_3
Change Net Name : Old Net Name=NetD19_1 New Net Name=NetD18_1
Change Net Name : Old Net Name=NetD19_3 New Net Name=NetD18_3
Change Net Name : Old Net Name=NetD21_1 New Net Name=NetD20_1
Change Net Name : Old Net Name=NetD21_3 New Net Name=NetD20_3
Change Net Name : Old Net Name=NetD24_A New Net Name=NetD23_A
Change Net Name : Old Net Name=NetD24_K New Net Name=NetD23_K
Change Net Name : Old Net Name=NetD27_A New Net Name=NetD26_A
Change Net Name : Old Net Name=NetD27_K New Net Name=NetD26_K
Change Net Name : Old Net Name=NetD29_A New Net Name=NetD28_A
Change Net Name : Old Net Name=NetD29_K New Net Name=NetD28_K
Change Net Name : Old Net Name=NetD31_A New Net Name=NetD30_A
Change Net Name : Old Net Name=NetD31_K New Net Name=NetD30_K
Change Net Name : Old Net Name=NetD32_A New Net Name=NetD31_A
Change Net Name : Old Net Name=NetD32_K New Net Name=NetD31_K
Change Net Name : Old Net Name=NetD34_A New Net Name=NetD33_A
Change Net Name : Old Net Name=NetD34_K New Net Name=NetD33_K
Change Net Name : Old Net Name=NetD36_A New Net Name=NetD35_A
Change Net Name : Old Net Name=NetD36_K New Net Name=NetD35_K
Change Net Name : Old Net Name=NetD38_A New Net Name=NetD37_A
Change Net Name : Old Net Name=NetD38_K New Net Name=NetD37_K
Change Net Name : Old Net Name=NetD40_A New Net Name=NetD39_A
Change Net Name : Old Net Name=NetD42_A New Net Name=NetD43_A
Change Net Name : Old Net Name=NetD43_A New Net Name=NetD44_A
Change Net Name : Old Net Name=NetD44_K New Net Name=NetD45_K
Change Net Name : Old Net Name=NetF3_1 New Net Name=NetF2_1
Change Net Name : Old Net Name=NetF4_1 New Net Name=NetF3_1
Change Net Name : Old Net Name=NetJ4_2 New Net Name=NetJ2_2
Change Net Name : Old Net Name=NetR58_1 New Net Name=NetR55_1
Change Net Name : Old Net Name=NetR61_1 New Net Name=NetR58_1
Change Net Name : Old Net Name=NetR63_1 New Net Name=NetR60_1
Change Net Name : Old Net Name=NetR66_1 New Net Name=NetR63_1
Change Net Name : Old Net Name=NetR69_1 New Net Name=NetR66_1
Change Net Name : Old Net Name=NetR71_1 New Net Name=NetR68_1
Change Net Name : Old Net Name=NetR74_1 New Net Name=NetR71_1
Change Net Name : Old Net Name=NetR76_1 New Net Name=NetR73_1
Change Net Name : Old Net Name=NetR94_3 New Net Name=NetR93_3
Added Pin To Net: NetName=NetD39_K Pin=D39-K
Added Pin To Net: NetName=NetD39_K Pin=R83-2
Added Net: Name=NetD39_K
Added Pin To Net: NetName=NetD40_2 Pin=D40-2
Added Pin To Net: NetName=NetD40_2 Pin=R83-1
Added Net: Name=NetD40_2
Added Pin To Net: NetName=NetD41_K Pin=D41-K
Added Pin To Net: NetName=NetD41_K Pin=R84-2
Added Net: Name=NetD41_K
Added Pin To Net: NetName=NetD42_2 Pin=D42-2
Added Pin To Net: NetName=NetD42_2 Pin=R84-1
Added Net: Name=NetD42_2
Added Member To Class: ClassName=STM32F103最小系统板 Member=Component D40 Diode-Z
Added Member To Class: ClassName=STM32F103最小系统板 Member=Component D45 绿灯 0603
Added Member To Class: ClassName=STM32F103最小系统板 Member=Component R83 1K
Added Member To Class: ClassName=STM32F103最小系统板 Member=Component R84 1K
Added Room: Name=POWER
Added Room: Name=RS485
Added Room: Name=SIX-INPORT
Added Room: Name=SIX_OUTPORT-V2
Added Room: Name=STM32F103最小系统板
