Change Component Designator: Old Designator=C1 New Designator=C4
Change Component Designator: Old Designator=C2 New Designator=C5
Change Component Designator: Old Designator=C3 New Designator=C6
Change Component Designator: Old Designator=C4 New Designator=C7
Change Component Designator: Old Designator=C5 New Designator=C8
Change Component Designator: Old Designator=C6 New Designator=C9
Change Component Designator: Old Designator=C7 New Designator=C10
Change Component Designator: Old Designator=C8 New Designator=C11
Change Component Designator: Old Designator=D1 New Designator=D6
Change Component Designator: Old Designator=D6 New Designator=D7
Change Component Designator: Old Designator=D7 New Designator=D8
Change Component Designator: Old Designator=EC1 New Designator=EC5
Change Component Designator: Old Designator=EC2 New Designator=EC6
Change Component Designator: Old Designator=EC3 New Designator=EC7
Change Component Designator: Old Designator=EC4 New Designator=EC8
Change Component Designator: Old Designator=ER1 New Designator=ER5
Change Component Designator: Old Designator=ER2 New Designator=ER6
Change Component Designator: Old Designator=ER3 New Designator=ER7
Change Component Designator: Old Designator=ER4 New Designator=ER8
Change Component Designator: Old Designator=F1 New Designator=F2
Change Component Designator: Old Designator=R1 New Designator=R4
Change Component Designator: Old Designator=R3 New Designator=R5
Change Component Designator: Old Designator=R4 New Designator=R6
Change Component Designator: Old Designator=R4 New Designator=R7
