Change Component Designator: Old Designator=3V3 New Designator=?
Change Component Designator: Old Designator=C1 New Designator=C?
Change Component Designator: Old Designator=C2 New Designator=C?
Change Component Designator: Old Designator=C4 New Designator=C?
Change Component Designator: Old Designator=C5 New Designator=C?
Change Component Designator: Old Designator=C6 New Designator=C?
Change Component Designator: Old Designator=C7 New Designator=C?
Change Component Designator: Old Designator=D1 New Designator=D?
Change Component Designator: Old Designator=D2 New Designator=D?
Change Component Designator: Old Designator=D4 New Designator=D?
Change Component Designator: Old Designator=D5 New Designator=D?
Change Component Designator: Old Designator=D6 New Designator=D?
Change Component Designator: Old Designator=D10 New Designator=D?
Change Component Designator: Old Designator=D25 New Designator=D?
Change Component Designator: Old Designator=E1 New Designator=E?
Change Component Designator: Old Designator=E2 New Designator=E?
Change Component Designator: Old Designator=E4 New Designator=E?
Change Component Designator: Old Designator=E5 New Designator=E?
Change Component Designator: Old Designator=E7 New Designator=E?
Change Component Designator: Old Designator=E8 New Designator=E?
Change Component Designator: Old Designator=F1 New Designator=F?
Change Component Designator: Old Designator=GND1 New Designator=GND?
Change Component Designator: Old Designator=GNDIN1 New Designator=GNDIN?
Change Component Designator: Old Designator=L1 New Designator=L?
Change Component Designator: Old Designator=L2 New Designator=L?
Change Component Designator: Old Designator=L3 New Designator=L?
Change Component Designator: Old Designator=L4 New Designator=L?
Change Component Designator: Old Designator=P1 New Designator=P?
Change Component Designator: Old Designator=P1 New Designator=P?
Change Component Designator: Old Designator=R1 New Designator=R?
Change Component Designator: Old Designator=R2 New Designator=R?
Change Component Designator: Old Designator=R3 New Designator=R?
Change Component Designator: Old Designator=R128 New Designator=R?
Change Component Designator: Old Designator=U2 New Designator=U?
Change Component Designator: Old Designator=VCC1 New Designator=VCC?
Change Component Designator: Old Designator=VCCIN1 New Designator=VCCIN?
Change Component Designator: Old Designator=VIN1 New Designator=VIN?
Change Component Designator: Old Designator=VSS1 New Designator=VSS?
