Change Component Designator: Old Designator=C19 New Designator=C28
Change Component Designator: Old Designator=C20 New Designator=C29
Change Component Designator: Old Designator=C21 New Designator=C30
Change Component Designator: Old Designator=C23 New Designator=C31
Change Component Designator: Old Designator=C24 New Designator=C32
Change Component Designator: Old Designator=C25 New Designator=C33
Change Component Designator: Old Designator=C26 New Designator=C27
Change Component Designator: Old Designator=C26 New Designator=C34
Change Component Designator: Old Designator=D14 New Designator=D18
Change Component Designator: Old Designator=D16 New Designator=D20
Change Component Designator: Old Designator=D17 New Designator=D19
Change Component Designator: Old Designator=D17 New Designator=D21
Change Component Designator: Old Designator=F7 New Designator=F9
Change Component Designator: Old Designator=F8 New Designator=F10
Change Component Designator: Old Designator=P? New Designator=P4
Change Component Designator: Old Designator=R26 New Designator=R40
Change Component Designator: Old Designator=R27 New Designator=R43
Change Component Designator: Old Designator=R30 New Designator=R45
Change Component Designator: Old Designator=R31 New Designator=R46
Change Component Designator: Old Designator=R33 New Designator=R34
Change Component Designator: Old Designator=R33 New Designator=R49
Change Component Designator: Old Designator=R34 New Designator=R33
Change Component Designator: Old Designator=R34 New Designator=R47
Change Component Designator: Old Designator=R35 New Designator=R41
Change Component Designator: Old Designator=R35 New Designator=R48
Change Component Designator: Old Designator=R36 New Designator=R42
Change Component Designator: Old Designator=R36 New Designator=R50
Change Component Designator: Old Designator=R37 New Designator=R52
Change Component Designator: Old Designator=R38 New Designator=R53
Change Component Designator: Old Designator=R39 New Designator=R44
Change Component Designator: Old Designator=R39 New Designator=R51
