Change Component Designator: Old Designator=D18 New Designator=D?
Change Component Designator: Old Designator=D19 New Designator=D?
Change Component Designator: Old Designator=D20 New Designator=D?
Change Component Designator: Old Designator=D21 New Designator=D?
Change Component Designator: Old Designator=D22 New Designator=D?
Change Component Designator: Old Designator=D23 New Designator=D?
Change Component Designator: Old Designator=D24 New Designator=D?
Change Component Designator: Old Designator=D25 New Designator=D?
Change Component Designator: Old Designator=KM1 New Designator=KM?
Change Component Designator: Old Designator=KM2 New Designator=KM?
Change Component Designator: Old Designator=KM3 New Designator=KM?
Change Component Designator: Old Designator=KM4 New Designator=KM?
Change Component Designator: Old Designator=KM5 New Designator=KM?
Change Component Designator: Old Designator=KM6 New Designator=KM?
Change Component Designator: Old Designator=KM7 New Designator=KM?
Change Component Designator: Old Designator=KM8 New Designator=KM?
Change Component Designator: Old Designator=L5 New Designator=L?
Change Component Designator: Old Designator=P5 New Designator=P?
Change Component Designator: Old Designator=P6 New Designator=P?
Change Component Designator: Old Designator=P7 New Designator=P?
Change Component Designator: Old Designator=P8 New Designator=P?
Change Component Designator: Old Designator=P9 New Designator=P?
Change Component Designator: Old Designator=P10 New Designator=P?
Change Component Designator: Old Designator=P11 New Designator=P?
Change Component Designator: Old Designator=P12 New Designator=P?
Change Component Designator: Old Designator=R40 New Designator=R?
Change Component Designator: Old Designator=R41 New Designator=R?
Change Component Designator: Old Designator=R42 New Designator=R?
Change Component Designator: Old Designator=R43 New Designator=R?
Change Component Designator: Old Designator=R44 New Designator=R?
Change Component Designator: Old Designator=R45 New Designator=R?
Change Component Designator: Old Designator=R46 New Designator=R?
Change Component Designator: Old Designator=R47 New Designator=R?
Change Component Designator: Old Designator=R48 New Designator=R?
Change Component Designator: Old Designator=R49 New Designator=R?
Change Component Designator: Old Designator=R50 New Designator=R?
Change Component Designator: Old Designator=R51 New Designator=R?
Change Component Designator: Old Designator=R52 New Designator=R?
Change Component Designator: Old Designator=R53 New Designator=R?
Change Component Designator: Old Designator=R54 New Designator=R?
Change Component Designator: Old Designator=R55 New Designator=R?
Change Component Designator: Old Designator=R56 New Designator=R?
Change Component Designator: Old Designator=R57 New Designator=R?
Change Component Designator: Old Designator=R58 New Designator=R?
Change Component Designator: Old Designator=R59 New Designator=R?
Change Component Designator: Old Designator=R60 New Designator=R?
Change Component Designator: Old Designator=R61 New Designator=R?
Change Component Designator: Old Designator=R62 New Designator=R?
Change Component Designator: Old Designator=R63 New Designator=R?
Change Component Designator: Old Designator=U3 New Designator=U?
