Change Component Designator: Old Designator=C38 New Designator=C35
Change Component Designator: Old Designator=C39 New Designator=C36
Change Component Designator: Old Designator=C40 New Designator=C37
Change Component Designator: Old Designator=C41 New Designator=C38
Change Component Designator: Old Designator=C42 New Designator=C39
Change Component Designator: Old Designator=C43 New Designator=C40
Change Component Designator: Old Designator=C44 New Designator=C41
Change Component Designator: Old Designator=C45 New Designator=C42
Change Component Designator: Old Designator=C46 New Designator=C43
Change Component Designator: Old Designator=C47 New Designator=C44
Change Component Designator: Old Designator=C48 New Designator=C45
Change Component Designator: Old Designator=D40 New Designator=D39
Change Component Designator: Old Designator=D42 New Designator=D43
Change Component Designator: Old Designator=D43 New Designator=D44
Change Component Designator: Old Designator=D44 New Designator=D45
Change Component Designator: Old Designator=D? New Designator=D40
Change Component Designator: Old Designator=D? New Designator=D42
Change Component Designator: Old Designator=J3 New Designator=J1
Change Component Designator: Old Designator=J4 New Designator=J2
Change Component Designator: Old Designator=R81 New Designator=R78
Change Component Designator: Old Designator=R82 New Designator=R79
Change Component Designator: Old Designator=R83 New Designator=R80
Change Component Designator: Old Designator=R84 New Designator=R81
Change Component Designator: Old Designator=R85 New Designator=R82
Change Component Designator: Old Designator=R86 New Designator=R85
Change Component Designator: Old Designator=R87 New Designator=R86
Change Component Designator: Old Designator=R88 New Designator=R83
Change Component Designator: Old Designator=R88 New Designator=R84
Change Component Designator: Old Designator=R88 New Designator=R87
Change Component Designator: Old Designator=R89 New Designator=R88
Change Component Designator: Old Designator=R90 New Designator=R89
Change Component Designator: Old Designator=R91 New Designator=R90
Change Component Designator: Old Designator=R92 New Designator=R91
Change Component Designator: Old Designator=R93 New Designator=R92
Change Component Designator: Old Designator=R94 New Designator=R93
